TN:
SF:src\App.js
FN:10,App
FN:16,(anonymous_1)
FN:17,restoreSession
FN:57,(anonymous_3)
FN:79,(anonymous_4)
FNF:5
FNH:0
FNDA:0,App
FNDA:0,(anonymous_1)
FNDA:0,restoreSession
FNDA:0,(anonymous_3)
FNDA:0,(anonymous_4)
DA:11,0
DA:12,0
DA:13,0
DA:16,0
DA:18,0
DA:19,0
DA:21,0
DA:22,0
DA:23,0
DA:26,0
DA:28,0
DA:29,0
DA:30,0
DA:32,0
DA:36,0
DA:37,0
DA:38,0
DA:39,0
DA:40,0
DA:41,0
DA:42,0
DA:45,0
DA:46,0
DA:47,0
DA:48,0
DA:50,0
DA:54,0
DA:57,0
DA:58,0
DA:59,0
DA:61,0
DA:62,0
DA:63,0
DA:64,0
DA:66,0
DA:67,0
DA:68,0
DA:70,0
DA:72,0
DA:79,0
DA:80,0
DA:81,0
DA:82,0
DA:83,0
DA:86,0
DA:87,0
DA:97,0
DA:98,0
DA:102,0
DA:104,0
DA:106,0
DA:108,0
DA:110,0
DA:112,0
LF:54
LH:0
BRDA:21,0,0,0
BRDA:21,0,1,0
BRDA:28,1,0,0
BRDA:28,1,1,0
BRDA:41,2,0,0
BRDA:41,2,1,0
BRDA:41,3,0,0
BRDA:41,3,1,0
BRDA:67,4,0,0
BRDA:67,4,1,0
BRDA:67,5,0,0
BRDA:67,5,1,0
BRDA:74,6,0,0
BRDA:74,6,1,0
BRDA:86,7,0,0
BRDA:86,7,1,0
BRDA:97,8,0,0
BRDA:97,8,1,0
BRDA:102,9,0,0
BRDA:102,9,1,0
BRDA:102,9,2,0
BRDA:102,9,3,0
BRDA:102,9,4,0
BRF:23
BRH:0
end_of_record
TN:
SF:src\index.js
FNF:0
FNH:0
DA:7,0
DA:8,0
LF:2
LH:0
BRF:0
BRH:0
end_of_record
TN:
SF:src\api\client.js
FN:25,isLocalHost
FN:29,getDefaultBaseUrl
FN:57,setAuthToken
FN:67,(anonymous_3)
FN:79,(anonymous_4)
FN:80,(anonymous_5)
FN:88,(anonymous_6)
FN:97,(anonymous_7)
FN:98,(anonymous_8)
FN:99,(anonymous_9)
FN:100,(anonymous_10)
FN:103,(anonymous_11)
FN:104,(anonymous_12)
FN:105,(anonymous_13)
FN:106,(anonymous_14)
FN:109,(anonymous_15)
FN:110,(anonymous_16)
FN:111,(anonymous_17)
FN:112,(anonymous_18)
FN:113,(anonymous_19)
FN:114,(anonymous_20)
FN:115,(anonymous_21)
FN:118,(anonymous_22)
FN:119,(anonymous_23)
FN:120,(anonymous_24)
FN:121,(anonymous_25)
FN:122,(anonymous_26)
FN:123,(anonymous_27)
FN:124,(anonymous_28)
FN:127,(anonymous_29)
FN:131,(anonymous_30)
FN:132,(anonymous_31)
FN:133,(anonymous_32)
FN:134,(anonymous_33)
FN:135,(anonymous_34)
FN:136,(anonymous_35)
FN:137,(anonymous_36)
FN:138,(anonymous_37)
FNF:38
FNH:0
FNDA:0,isLocalHost
FNDA:0,getDefaultBaseUrl
FNDA:0,setAuthToken
FNDA:0,(anonymous_3)
FNDA:0,(anonymous_4)
FNDA:0,(anonymous_5)
FNDA:0,(anonymous_6)
FNDA:0,(anonymous_7)
FNDA:0,(anonymous_8)
FNDA:0,(anonymous_9)
FNDA:0,(anonymous_10)
FNDA:0,(anonymous_11)
FNDA:0,(anonymous_12)
FNDA:0,(anonymous_13)
FNDA:0,(anonymous_14)
FNDA:0,(anonymous_15)
FNDA:0,(anonymous_16)
FNDA:0,(anonymous_17)
FNDA:0,(anonymous_18)
FNDA:0,(anonymous_19)
FNDA:0,(anonymous_20)
FNDA:0,(anonymous_21)
FNDA:0,(anonymous_22)
FNDA:0,(anonymous_23)
FNDA:0,(anonymous_24)
FNDA:0,(anonymous_25)
FNDA:0,(anonymous_26)
FNDA:0,(anonymous_27)
FNDA:0,(anonymous_28)
FNDA:0,(anonymous_29)
FNDA:0,(anonymous_30)
FNDA:0,(anonymous_31)
FNDA:0,(anonymous_32)
FNDA:0,(anonymous_33)
FNDA:0,(anonymous_34)
FNDA:0,(anonymous_35)
FNDA:0,(anonymous_36)
FNDA:0,(anonymous_37)
DA:3,0
DA:4,0
DA:5,0
DA:7,0
DA:9,0
DA:10,0
DA:11,0
DA:12,0
DA:13,0
DA:20,0
DA:21,0
DA:26,0
DA:30,0
DA:31,0
DA:32,0
DA:33,0
DA:34,0
DA:35,0
DA:38,0
DA:41,0
DA:43,0
DA:44,0
DA:50,0
DA:55,0
DA:58,0
DA:60,0
DA:61,0
DA:63,0
DA:67,0
DA:68,0
DA:70,0
DA:71,0
DA:72,0
DA:75,0
DA:78,0
DA:79,0
DA:82,0
DA:86,0
DA:87,0
DA:88,0
DA:89,0
DA:92,0
DA:97,0
DA:98,0
DA:99,0
DA:100,0
DA:103,0
DA:104,0
DA:105,0
DA:106,0
DA:109,0
DA:110,0
DA:111,0
DA:112,0
DA:113,0
DA:114,0
DA:115,0
DA:118,0
DA:119,0
DA:120,0
DA:121,0
DA:122,0
DA:123,0
DA:124,0
DA:127,0
DA:128,0
DA:131,0
DA:132,0
DA:133,0
DA:134,0
DA:135,0
DA:136,0
DA:137,0
DA:138,0
LF:74
LH:0
BRDA:3,0,0,0
BRDA:3,0,1,0
BRDA:5,1,0,0
BRDA:5,1,1,0
BRDA:10,2,0,0
BRDA:10,2,1,0
BRDA:10,3,0,0
BRDA:10,3,1,0
BRDA:10,3,2,0
BRDA:10,3,3,0
BRDA:12,4,0,0
BRDA:12,4,1,0
BRDA:12,5,0,0
BRDA:12,5,1,0
BRDA:12,5,2,0
BRDA:12,5,3,0
BRDA:20,6,0,0
BRDA:20,6,1,0
BRDA:20,7,0,0
BRDA:20,7,1,0
BRDA:22,8,0,0
BRDA:22,8,1,0
BRDA:22,8,2,0
BRDA:22,8,3,0
BRDA:22,8,4,0
BRDA:26,9,0,0
BRDA:26,9,1,0
BRDA:30,10,0,0
BRDA:30,10,1,0
BRDA:31,11,0,0
BRDA:31,11,1,0
BRDA:32,12,0,0
BRDA:32,12,1,0
BRDA:33,13,0,0
BRDA:33,13,1,0
BRDA:34,14,0,0
BRDA:34,14,1,0
BRDA:34,15,0,0
BRDA:34,15,1,0
BRDA:43,16,0,0
BRDA:43,16,1,0
BRDA:43,17,0,0
BRDA:43,17,1,0
BRDA:58,18,0,0
BRDA:58,18,1,0
BRDA:60,19,0,0
BRDA:60,19,1,0
BRDA:70,20,0,0
BRDA:70,20,1,0
BRDA:70,21,0,0
BRDA:70,21,1,0
BRDA:71,22,0,0
BRDA:71,22,1,0
BRDA:82,23,0,0
BRDA:82,23,1,0
BRDA:82,23,2,0
BRDA:86,24,0,0
BRDA:86,24,1,0
BRDA:103,25,0,0
BRDA:109,26,0,0
BRDA:127,27,0,0
BRDA:127,28,0,0
BRDA:135,29,0,0
BRF:63
BRH:0
end_of_record
TN:
SF:src\components\AppErrorBoundary.js
FN:5,(anonymous_0)
FN:13,(anonymous_1)
FN:20,(anonymous_2)
FN:25,(anonymous_3)
FN:29,(anonymous_4)
FNF:5
FNH:0
FNDA:0,(anonymous_0)
FNDA:0,(anonymous_1)
FNDA:0,(anonymous_2)
FNDA:0,(anonymous_3)
FNDA:0,(anonymous_4)
DA:6,0
DA:7,0
DA:14,0
DA:22,0
DA:25,0
DA:26,0
DA:30,0
DA:31,0
DA:34,0
DA:46,0
LF:10
LH:0
BRDA:16,0,0,0
BRDA:16,0,1,0
BRDA:30,1,0,0
BRDA:30,1,1,0
BRF:4
BRH:0
end_of_record
TN:
SF:src\components\LanguageSwitcher.js
FN:10,LanguageSwitcher
FN:14,switchTo
FN:16,(anonymous_2)
FN:23,(anonymous_3)
FN:38,(anonymous_4)
FN:49,(anonymous_5)
FNF:6
FNH:0
FNDA:0,LanguageSwitcher
FNDA:0,switchTo
FNDA:0,(anonymous_2)
FNDA:0,(anonymous_3)
FNDA:0,(anonymous_4)
FNDA:0,(anonymous_5)
DA:11,0
DA:12,0
DA:15,0
DA:16,0
DA:19,0
DA:20,0
DA:23,0
DA:34,0
DA:38,0
DA:49,0
LF:10
LH:0
BRDA:10,0,0,0
BRDA:19,1,0,0
BRDA:19,1,1,0
BRDA:23,2,0,0
BRDA:23,2,1,0
BRDA:26,3,0,0
BRDA:26,3,1,0
BRDA:28,4,0,0
BRDA:28,4,1,0
BRDA:40,5,0,0
BRDA:40,5,1,0
BRDA:51,6,0,0
BRDA:51,6,1,0
BRF:13
BRH:0
end_of_record
TN:
SF:src\components\ToastContainer.js
FN:11,ToastContainer
FN:29,(anonymous_1)
FN:35,(anonymous_2)
FNF:3
FNH:0
FNDA:0,ToastContainer
FNDA:0,(anonymous_1)
FNDA:0,(anonymous_2)
DA:12,0
DA:14,0
DA:30,0
DA:31,0
DA:35,0
LF:5
LH:0
BRDA:12,0,0,0
BRDA:12,0,1,0
BRDA:36,1,0,0
BRDA:36,1,1,0
BRDA:43,2,0,0
BRDA:43,2,1,0
BRDA:44,3,0,0
BRDA:44,3,1,0
BRDA:45,4,0,0
BRDA:45,4,1,0
BRDA:56,5,0,0
BRDA:56,5,1,0
BRDA:60,6,0,0
BRDA:60,6,1,0
BRDA:64,7,0,0
BRDA:64,7,1,0
BRDA:64,8,0,0
BRDA:64,8,1,0
BRDA:77,9,0,0
BRDA:77,9,1,0
BRF:20
BRH:0
end_of_record
TN:
SF:src\components\kinetic\KineticHeader.js
FN:6,initials
FN:9,(anonymous_1)
FN:15,KineticHeader
FN:24,openMenu
FNF:4
FNH:0
FNDA:0,initials
FNDA:0,(anonymous_1)
FNDA:0,KineticHeader
FNDA:0,openMenu
DA:7,0
DA:9,0
DA:25,0
DA:26,0
DA:27,0
DA:29,0
DA:30,0
DA:36,0
DA:56,0
LF:9
LH:0
BRDA:7,0,0,0
BRDA:7,0,1,0
BRDA:16,1,0,0
BRDA:21,2,0,0
BRDA:25,3,0,0
BRDA:25,3,1,0
BRDA:29,4,0,0
BRDA:29,4,1,0
BRDA:44,5,0,0
BRDA:44,5,1,0
BRDA:47,6,0,0
BRDA:47,6,1,0
BRDA:47,7,0,0
BRDA:47,7,1,0
BRDA:49,8,0,0
BRDA:49,8,1,0
BRF:16
BRH:0
end_of_record
TN:
SF:src\components\kinetic\KineticSectionTitle.js
FN:5,KineticSectionTitle
FNF:1
FNH:0
FNDA:0,KineticSectionTitle
DA:6,0
DA:22,0
LF:2
LH:0
BRDA:12,0,0,0
BRDA:12,0,1,0
BRDA:13,1,0,0
BRDA:13,1,1,0
BRDA:13,2,0,0
BRDA:13,2,1,0
BRF:6
BRH:0
end_of_record
TN:
SF:src\components\kinetic\KineticTabBar.js
FN:5,KineticTabBar
FN:8,(anonymous_1)
FN:14,(anonymous_2)
FNF:3
FNH:0
FNDA:0,KineticTabBar
FNDA:0,(anonymous_1)
FNDA:0,(anonymous_2)
DA:6,0
DA:9,0
DA:10,0
DA:14,0
DA:25,0
LF:5
LH:0
BRDA:13,0,0,0
BRDA:13,0,1,0
BRDA:17,1,0,0
BRDA:17,1,1,0
BRF:4
BRH:0
end_of_record
TN:
SF:src\components\kinetic\MetricTile.js
FN:5,MetricTile
FNF:1
FNH:0
FNDA:0,MetricTile
DA:6,0
DA:7,0
DA:8,0
DA:10,0
DA:43,0
LF:5
LH:0
BRDA:5,0,0,0
BRDA:14,1,0,0
BRDA:14,1,1,0
BRDA:15,2,0,0
BRDA:15,2,1,0
BRDA:16,3,0,0
BRDA:16,3,1,0
BRDA:22,4,0,0
BRDA:22,4,1,0
BRDA:22,4,2,0
BRDA:22,4,3,0
BRDA:23,5,0,0
BRDA:23,5,1,0
BRDA:31,6,0,0
BRDA:31,6,1,0
BRDA:32,7,0,0
BRDA:32,7,1,0
BRDA:33,8,0,0
BRDA:33,8,1,0
BRDA:38,9,0,0
BRDA:38,9,1,0
BRF:21
BRH:0
end_of_record
TN:
SF:src\components\kinetic\WaiterBottomNav.js
FN:13,WaiterBottomNav
FN:14,handleTab
FN:25,(anonymous_2)
FN:31,(anonymous_3)
FNF:4
FNH:0
FNDA:0,WaiterBottomNav
FNDA:0,handleTab
FNDA:0,(anonymous_2)
FNDA:0,(anonymous_3)
DA:6,0
DA:15,0
DA:16,0
DA:17,0
DA:18,0
DA:20,0
DA:23,0
DA:26,0
DA:27,0
DA:31,0
DA:47,0
LF:11
LH:0
BRDA:13,0,0,0
BRDA:15,1,0,0
BRDA:15,1,1,0
BRDA:16,2,0,0
BRDA:16,2,1,0
BRDA:16,3,0,0
BRDA:16,3,1,0
BRDA:30,4,0,0
BRDA:30,4,1,0
BRDA:37,5,0,0
BRDA:37,5,1,0
BRDA:39,6,0,0
BRDA:39,6,1,0
BRF:13
BRH:0
end_of_record
TN:
SF:src\context\AuthContext.js
FN:7,AuthProvider
FN:12,(anonymous_1)
FN:15,(anonymous_2)
FN:48,(anonymous_3)
FN:53,login
FN:64,logout
FN:78,useAuth
FNF:7
FNH:0
FNDA:0,AuthProvider
FNDA:0,(anonymous_1)
FNDA:0,(anonymous_2)
FNDA:0,(anonymous_3)
FNDA:0,login
FNDA:0,logout
FNDA:0,useAuth
DA:5,0
DA:8,0
DA:9,0
DA:12,0
DA:13,0
DA:15,0
DA:16,0
DA:17,0
DA:18,0
DA:20,0
DA:21,0
DA:22,0
DA:24,0
DA:25,0
DA:28,0
DA:30,0
DA:31,0
DA:34,0
DA:35,0
DA:36,0
DA:38,0
DA:40,0
DA:41,0
DA:42,0
DA:44,0
DA:48,0
DA:49,0
DA:54,0
DA:55,0
DA:57,0
DA:58,0
DA:59,0
DA:60,0
DA:61,0
DA:65,0
DA:66,0
DA:67,0
DA:70,0
DA:79,0
DA:80,0
DA:81,0
LF:41
LH:0
BRDA:20,0,0,0
BRDA:20,0,1,0
BRDA:21,1,0,0
BRDA:21,1,1,0
BRDA:24,2,0,0
BRDA:24,2,1,0
BRDA:30,3,0,0
BRDA:30,3,1,0
BRDA:30,4,0,0
BRDA:30,4,1,0
BRDA:38,5,0,0
BRDA:38,5,1,0
BRDA:42,6,0,0
BRDA:42,6,1,0
BRDA:44,7,0,0
BRDA:44,7,1,0
BRDA:80,8,0,0
BRDA:80,8,1,0
BRF:18
BRH:0
end_of_record
TN:
SF:src\hooks\useToast.js
FN:13,useToast
FN:17,(anonymous_1)
FN:19,(anonymous_2)
FN:19,(anonymous_3)
FN:22,(anonymous_4)
FN:23,(anonymous_5)
FN:23,(anonymous_6)
FN:32,(anonymous_7)
FN:36,(anonymous_8)
FN:40,(anonymous_9)
FN:45,(anonymous_10)
FN:52,(anonymous_11)
FNF:12
FNH:0
FNDA:0,useToast
FNDA:0,(anonymous_1)
FNDA:0,(anonymous_2)
FNDA:0,(anonymous_3)
FNDA:0,(anonymous_4)
FNDA:0,(anonymous_5)
FNDA:0,(anonymous_6)
FNDA:0,(anonymous_7)
FNDA:0,(anonymous_8)
FNDA:0,(anonymous_9)
FNDA:0,(anonymous_10)
FNDA:0,(anonymous_11)
DA:3,0
DA:14,0
DA:15,0
DA:17,0
DA:19,0
DA:22,0
DA:23,0
DA:24,0
DA:25,0
DA:26,0
DA:31,0
DA:33,0
DA:34,0
DA:36,0
DA:37,0
DA:40,0
DA:41,0
DA:42,0
DA:45,0
DA:48,0
DA:52,0
DA:53,0
DA:54,0
DA:57,0
DA:62,0
LF:25
LH:0
BRDA:19,0,0,0
BRDA:19,0,1,0
BRDA:24,1,0,0
BRDA:24,1,1,0
BRDA:32,2,0,0
BRDA:34,3,0,0
BRDA:34,3,1,0
BRDA:41,4,0,0
BRDA:41,4,1,0
BRF:9
BRH:0
end_of_record
TN:
SF:src\pages\KitchenDashboard.js
FN:10,minutesSince
FN:15,toClock
FN:19,urgencyClass
FN:29,KitchenDashboard
FN:37,(anonymous_4)
FN:58,(anonymous_5)
FN:60,(anonymous_6)
FN:64,(anonymous_7)
FN:67,(anonymous_8)
FN:68,(anonymous_9)
FN:76,(anonymous_10)
FN:78,(anonymous_11)
FN:82,(anonymous_12)
FN:88,(anonymous_13)
FN:89,(anonymous_14)
FN:91,(anonymous_15)
FN:93,(anonymous_16)
FN:96,(anonymous_17)
FN:97,(anonymous_18)
FN:100,(anonymous_19)
FN:111,bumpOrder
FN:121,markReady
FN:161,(anonymous_22)
FN:215,(anonymous_23)
FN:253,(anonymous_24)
FN:283,(anonymous_25)
FN:290,(anonymous_26)
FN:318,(anonymous_27)
FN:327,(anonymous_28)
FN:336,(anonymous_29)
FNF:30
FNH:30
FNDA:173,minutesSince
FNDA:38,toClock
FNDA:38,urgencyClass
FNDA:25,KitchenDashboard
FNDA:14,(anonymous_4)
FNDA:10,(anonymous_5)
FNDA:1,(anonymous_6)
FNDA:10,(anonymous_7)
FNDA:20,(anonymous_8)
FNDA:36,(anonymous_9)
FNDA:23,(anonymous_10)
FNDA:3,(anonymous_11)
FNDA:3,(anonymous_12)
FNDA:20,(anonymous_13)
FNDA:27,(anonymous_14)
FNDA:27,(anonymous_15)
FNDA:27,(anonymous_16)
FNDA:27,(anonymous_17)
FNDA:18,(anonymous_18)
FNDA:18,(anonymous_19)
FNDA:2,bumpOrder
FNDA:2,markReady
FNDA:1,(anonymous_22)
FNDA:38,(anonymous_23)
FNDA:38,(anonymous_24)
FNDA:2,(anonymous_25)
FNDA:2,(anonymous_26)
FNDA:1,(anonymous_27)
FNDA:1,(anonymous_28)
FNDA:1,(anonymous_29)
DA:8,1
DA:11,173
DA:12,173
DA:16,38
DA:20,38
DA:21,13
DA:23,25
DA:24,13
DA:26,12
DA:30,25
DA:31,25
DA:32,25
DA:33,25
DA:34,25
DA:35,25
DA:37,25
DA:38,14
DA:39,10
DA:41,4
DA:44,14
DA:45,14
DA:49,14
DA:51,0
DA:53,14
DA:54,14
DA:58,25
DA:59,10
DA:60,10
DA:61,1
DA:64,10
DA:67,25
DA:68,20
DA:69,36
DA:70,36
DA:71,36
DA:72,18
DA:76,25
DA:77,23
DA:78,3
DA:81,22
DA:82,3
DA:85,21
DA:88,25
DA:89,27
DA:90,20
DA:91,27
DA:93,27
DA:95,20
DA:96,27
DA:97,18
DA:99,20
DA:100,18
DA:103,20
DA:112,2
DA:113,2
DA:114,2
DA:115,1
DA:117,1
DA:122,2
DA:123,2
DA:124,2
DA:125,1
DA:127,1
DA:131,25
DA:132,10
DA:144,15
DA:161,1
DA:216,38
DA:217,38
DA:218,38
DA:220,38
DA:254,38
DA:283,2
DA:290,2
DA:318,1
DA:327,1
DA:336,1
LF:77
LH:76
BRDA:20,0,0,13
BRDA:20,0,1,25
BRDA:23,1,0,13
BRDA:23,1,1,12
BRDA:37,2,0,0
BRDA:38,3,0,10
BRDA:38,3,1,4
BRDA:49,4,0,14
BRDA:49,4,1,0
BRDA:51,5,0,0
BRDA:51,5,1,0
BRDA:69,6,0,0
BRDA:69,6,1,36
BRDA:70,7,0,18
BRDA:70,7,1,18
BRDA:71,8,0,18
BRDA:71,8,1,18
BRDA:77,9,0,1
BRDA:77,9,1,22
BRDA:78,10,0,3
BRDA:78,10,1,2
BRDA:81,11,0,1
BRDA:81,11,1,21
BRDA:91,12,0,27
BRDA:91,12,1,18
BRDA:99,13,0,9
BRDA:99,13,1,11
BRDA:112,14,0,0
BRDA:112,14,1,2
BRDA:117,15,0,1
BRDA:117,15,1,0
BRDA:122,16,0,0
BRDA:122,16,1,2
BRDA:127,17,0,1
BRDA:127,17,1,1
BRDA:131,18,0,10
BRDA:131,18,1,15
BRDA:165,19,0,2
BRDA:165,19,1,13
BRDA:192,20,0,15
BRDA:192,20,1,1
BRDA:214,21,0,14
BRDA:214,21,1,1
BRDA:218,22,0,38
BRDA:218,22,1,25
BRDA:223,23,0,13
BRDA:223,23,1,25
BRDA:228,24,0,13
BRDA:228,24,1,25
BRDA:231,25,0,13
BRDA:231,25,1,25
BRDA:241,26,0,13
BRDA:241,26,1,25
BRDA:241,27,0,13
BRDA:241,27,1,12
BRDA:247,28,0,13
BRDA:247,28,1,25
BRDA:247,29,0,13
BRDA:247,29,1,12
BRDA:253,30,0,38
BRDA:253,30,1,0
BRDA:256,31,0,13
BRDA:256,31,1,25
BRDA:263,32,0,38
BRDA:263,32,1,13
BRDA:268,33,0,13
BRDA:268,33,1,25
BRDA:303,34,0,1
BRDA:303,34,1,0
BRDA:306,35,0,1
BRDA:306,35,1,0
BRDA:319,36,0,13
BRDA:319,36,1,2
BRDA:328,37,0,1
BRDA:328,37,1,14
BRDA:337,38,0,1
BRDA:337,38,1,14
BRF:77
BRH:66
end_of_record
TN:
SF:src\pages\LoginPage.js
FN:8,LoginPage
FN:18,(anonymous_1)
FN:25,(anonymous_2)
FN:38,(anonymous_3)
FN:43,(anonymous_4)
FN:58,(anonymous_5)
FN:71,(anonymous_6)
FN:90,(anonymous_7)
FN:104,(anonymous_8)
FN:146,(anonymous_9)
FN:149,(anonymous_10)
FNF:11
FNH:11
FNDA:12,LoginPage
FNDA:12,(anonymous_1)
FNDA:12,(anonymous_2)
FNDA:12,(anonymous_3)
FNDA:2,(anonymous_4)
FNDA:1,(anonymous_5)
FNDA:12,(anonymous_6)
FNDA:1,(anonymous_7)
FNDA:2,(anonymous_8)
FNDA:5,(anonymous_9)
FNDA:1,(anonymous_10)
DA:6,1
DA:9,12
DA:10,12
DA:11,12
DA:12,12
DA:13,12
DA:14,12
DA:15,12
DA:16,12
DA:18,12
DA:19,12
DA:20,12
DA:21,1
DA:24,12
DA:25,12
DA:26,12
DA:27,12
DA:28,11
DA:29,7
DA:31,7
DA:32,7
DA:34,12
DA:38,12
DA:39,12
DA:43,12
DA:44,2
DA:45,2
DA:46,2
DA:48,2
DA:49,2
DA:51,2
DA:52,1
DA:54,1
DA:58,12
DA:59,1
DA:60,1
DA:63,12
DA:72,12
DA:90,1
DA:104,2
DA:147,5
DA:149,1
LF:42
LH:42
BRDA:20,0,0,1
BRDA:20,0,1,11
BRDA:28,1,0,4
BRDA:28,1,1,7
BRDA:29,2,0,7
BRDA:29,2,1,0
BRDA:31,3,0,0
BRDA:31,3,1,7
BRDA:34,4,0,8
BRDA:34,4,1,4
BRDA:51,5,0,1
BRDA:51,5,1,1
BRDA:72,6,0,12
BRDA:72,6,1,0
BRDA:111,7,0,12
BRDA:111,7,1,1
BRDA:122,8,0,2
BRDA:122,8,1,10
BRDA:134,9,0,9
BRDA:134,9,1,3
BRDA:141,10,0,2
BRDA:141,10,1,10
BRF:22
BRH:19
end_of_record
TN:
SF:src\pages\ManagerDashboard.js
FN:25,initials
FN:30,(anonymous_1)
FN:34,normalizeInventory
FN:35,(anonymous_3)
FN:66,defaultMenuDraftFromItem
FN:72,(anonymous_5)
FN:80,normalizeIngredientDrafts
FN:82,(anonymous_7)
FN:87,(anonymous_8)
FN:90,hasMenuDraftChanges
FN:92,(anonymous_10)
FN:109,UnitSelect
FN:114,(anonymous_12)
FN:121,(anonymous_13)
FN:130,AvailabilitySwitch
FN:137,(anonymous_15)
FN:149,ManagerDashboard
FN:203,scrollToSection
FN:208,resetInventoryModalForm
FN:220,openInventoryModalNew
FN:225,openInventoryModalEdit
FN:246,closeInventoryModal
FN:251,(anonymous_22)
FN:277,(anonymous_23)
FN:285,(anonymous_24)
FN:300,(anonymous_25)
FN:304,(anonymous_26)
FN:306,(anonymous_27)
FN:306,(anonymous_28)
FN:306,(anonymous_29)
FN:310,(anonymous_30)
FN:312,(anonymous_31)
FN:313,(anonymous_32)
FN:324,isMenuChanged
FN:329,handleCreateMenuItem
FN:331,(anonymous_35)
FN:340,(anonymous_36)
FN:344,(anonymous_37)
FN:374,handleCreateStaffUser
FN:403,applyStaffRole
FN:422,removeStaffUser
FN:440,handleInventorySave
FN:447,(anonymous_42)
FN:529,setMenuDraft
FN:530,(anonymous_44)
FN:539,saveMenuItem
FN:550,(anonymous_46)
FN:560,(anonymous_47)
FN:564,(anonymous_48)
FN:588,restockItem
FN:603,refillAllLow
FN:609,(anonymous_51)
FN:618,(anonymous_52)
FN:632,removeMenuItemPermanently
FN:645,(anonymous_54)
FN:645,(anonymous_55)
FN:646,(anonymous_56)
FN:679,publishAllMenuChanges
FN:680,(anonymous_58)
FN:689,(anonymous_59)
FN:697,(anonymous_60)
FN:706,(anonymous_61)
FN:715,(anonymous_62)
FN:722,(anonymous_63)
FN:740,addMenuIngredientRow
FN:742,(anonymous_65)
FN:750,updateMenuIngredientRow
FN:752,(anonymous_67)
FN:752,(anonymous_68)
FN:758,(anonymous_69)
FN:762,removeMenuIngredientRow
FN:764,(anonymous_71)
FN:765,(anonymous_72)
FN:772,(anonymous_73)
FN:778,removeInventoryItem
FN:792,saveQtyAdjust
FN:802,(anonymous_76)
FN:843,(anonymous_77)
FN:940,(anonymous_78)
FN:971,(anonymous_79)
FN:973,(anonymous_80)
FN:994,(anonymous_81)
FN:1018,(anonymous_82)
FN:1025,(anonymous_83)
FN:1032,(anonymous_84)
FN:1038,(anonymous_85)
FN:1074,(anonymous_86)
FN:1093,(anonymous_87)
FN:1145,(anonymous_88)
FN:1153,(anonymous_89)
FN:1160,(anonymous_90)
FN:1173,(anonymous_91)
FN:1174,(anonymous_92)
FN:1180,(anonymous_93)
FN:1226,(anonymous_94)
FN:1238,(anonymous_95)
FN:1251,(anonymous_96)
FN:1288,(anonymous_97)
FN:1294,(anonymous_98)
FN:1298,(anonymous_99)
FN:1302,(anonymous_100)
FN:1312,(anonymous_101)
FN:1319,(anonymous_102)
FN:1324,(anonymous_103)
FN:1339,(anonymous_104)
FN:1356,(anonymous_105)
FN:1365,(anonymous_106)
FN:1384,(anonymous_107)
FN:1396,(anonymous_108)
FN:1408,(anonymous_109)
FN:1416,(anonymous_110)
FN:1434,(anonymous_111)
FN:1440,(anonymous_112)
FN:1444,(anonymous_113)
FN:1448,(anonymous_114)
FN:1458,(anonymous_115)
FN:1465,(anonymous_116)
FN:1470,(anonymous_117)
FN:1519,(anonymous_118)
FN:1523,(anonymous_119)
FN:1538,(anonymous_120)
FN:1563,(anonymous_121)
FN:1586,(anonymous_122)
FN:1603,(anonymous_123)
FN:1638,(anonymous_124)
FN:1647,(anonymous_125)
FN:1656,(anonymous_126)
FN:1665,(anonymous_127)
FNF:128
FNH:106
FNDA:214,initials
FNDA:428,(anonymous_1)
FNDA:37,normalizeInventory
FNDA:36,(anonymous_3)
FNDA:31,defaultMenuDraftFromItem
FNDA:31,(anonymous_5)
FNDA:73,normalizeIngredientDrafts
FNDA:73,(anonymous_7)
FNDA:73,(anonymous_8)
FNDA:34,hasMenuDraftChanges
FNDA:34,(anonymous_10)
FNDA:162,UnitSelect
FNDA:3,(anonymous_12)
FNDA:810,(anonymous_13)
FNDA:143,AvailabilitySwitch
FNDA:0,(anonymous_15)
FNDA:91,ManagerDashboard
FNDA:1,scrollToSection
FNDA:3,resetInventoryModalForm
FNDA:1,openInventoryModalNew
FNDA:2,openInventoryModalEdit
FNDA:2,closeInventoryModal
FNDA:32,(anonymous_22)
FNDA:31,(anonymous_23)
FNDA:31,(anonymous_24)
FNDA:19,(anonymous_25)
FNDA:37,(anonymous_26)
FNDA:37,(anonymous_27)
FNDA:36,(anonymous_28)
FNDA:18,(anonymous_29)
FNDA:37,(anonymous_30)
FNDA:52,(anonymous_31)
FNDA:33,(anonymous_32)
FNDA:1,isMenuChanged
FNDA:2,handleCreateMenuItem
FNDA:1,(anonymous_35)
FNDA:1,(anonymous_36)
FNDA:1,(anonymous_37)
FNDA:3,handleCreateStaffUser
FNDA:1,applyStaffRole
FNDA:1,removeStaffUser
FNDA:3,handleInventorySave
FNDA:6,(anonymous_42)
FNDA:2,setMenuDraft
FNDA:2,(anonymous_44)
FNDA:1,saveMenuItem
FNDA:1,(anonymous_46)
FNDA:1,(anonymous_47)
FNDA:1,(anonymous_48)
FNDA:1,restockItem
FNDA:1,refillAllLow
FNDA:2,(anonymous_51)
FNDA:2,(anonymous_52)
FNDA:1,removeMenuItemPermanently
FNDA:0,(anonymous_54)
FNDA:0,(anonymous_55)
FNDA:0,(anonymous_56)
FNDA:1,publishAllMenuChanges
FNDA:1,(anonymous_58)
FNDA:1,(anonymous_59)
FNDA:1,(anonymous_60)
FNDA:1,(anonymous_61)
FNDA:1,(anonymous_62)
FNDA:1,(anonymous_63)
FNDA:1,addMenuIngredientRow
FNDA:1,(anonymous_65)
FNDA:3,updateMenuIngredientRow
FNDA:3,(anonymous_67)
FNDA:3,(anonymous_68)
FNDA:0,(anonymous_69)
FNDA:1,removeMenuIngredientRow
FNDA:1,(anonymous_71)
FNDA:2,(anonymous_72)
FNDA:0,(anonymous_73)
FNDA:1,removeInventoryItem
FNDA:1,saveQtyAdjust
FNDA:1,(anonymous_76)
FNDA:0,(anonymous_77)
FNDA:142,(anonymous_78)
FNDA:1,(anonymous_79)
FNDA:1,(anonymous_80)
FNDA:1,(anonymous_81)
FNDA:2,(anonymous_82)
FNDA:2,(anonymous_83)
FNDA:2,(anonymous_84)
FNDA:0,(anonymous_85)
FNDA:0,(anonymous_86)
FNDA:142,(anonymous_87)
FNDA:1,(anonymous_88)
FNDA:2,(anonymous_89)
FNDA:1,(anonymous_90)
FNDA:1,(anonymous_91)
FNDA:1,(anonymous_92)
FNDA:1,(anonymous_93)
FNDA:1,(anonymous_94)
FNDA:0,(anonymous_95)
FNDA:1,(anonymous_96)
FNDA:1,(anonymous_97)
FNDA:73,(anonymous_98)
FNDA:1,(anonymous_99)
FNDA:144,(anonymous_100)
FNDA:1,(anonymous_101)
FNDA:1,(anonymous_102)
FNDA:1,(anonymous_103)
FNDA:71,(anonymous_104)
FNDA:0,(anonymous_105)
FNDA:0,(anonymous_106)
FNDA:2,(anonymous_107)
FNDA:0,(anonymous_108)
FNDA:1,(anonymous_109)
FNDA:1,(anonymous_110)
FNDA:0,(anonymous_111)
FNDA:71,(anonymous_112)
FNDA:0,(anonymous_113)
FNDA:142,(anonymous_114)
FNDA:0,(anonymous_115)
FNDA:0,(anonymous_116)
FNDA:0,(anonymous_117)
FNDA:0,(anonymous_118)
FNDA:12,(anonymous_119)
FNDA:1,(anonymous_120)
FNDA:1,(anonymous_121)
FNDA:2,(anonymous_122)
FNDA:1,(anonymous_123)
FNDA:0,(anonymous_124)
FNDA:0,(anonymous_125)
FNDA:1,(anonymous_126)
FNDA:0,(anonymous_127)
DA:26,214
DA:30,428
DA:35,37
DA:36,36
DA:37,36
DA:39,36
DA:42,36
DA:44,36
DA:45,36
DA:46,36
DA:47,36
DA:48,36
DA:49,36
DA:52,0
DA:53,0
DA:56,36
DA:67,31
DA:72,31
DA:81,73
DA:82,73
DA:87,73
DA:91,34
DA:92,34
DA:98,34
DA:100,34
DA:110,162
DA:111,162
DA:114,3
DA:122,810
DA:131,143
DA:137,0
DA:150,91
DA:151,91
DA:152,91
DA:153,91
DA:154,91
DA:155,91
DA:157,91
DA:158,91
DA:159,91
DA:160,91
DA:161,91
DA:162,91
DA:163,91
DA:164,91
DA:168,91
DA:169,91
DA:170,91
DA:171,91
DA:172,91
DA:173,91
DA:174,91
DA:175,91
DA:177,91
DA:178,91
DA:179,91
DA:180,91
DA:181,91
DA:182,91
DA:183,91
DA:184,91
DA:185,91
DA:186,91
DA:187,91
DA:188,91
DA:189,91
DA:190,91
DA:191,91
DA:193,91
DA:194,91
DA:195,91
DA:196,91
DA:197,91
DA:199,91
DA:200,91
DA:201,91
DA:204,1
DA:205,1
DA:209,3
DA:210,3
DA:211,3
DA:212,3
DA:213,3
DA:214,3
DA:215,3
DA:216,3
DA:217,3
DA:221,1
DA:222,1
DA:226,2
DA:227,2
DA:228,2
DA:229,2
DA:230,2
DA:231,2
DA:232,2
DA:233,2
DA:238,2
DA:243,2
DA:247,2
DA:248,2
DA:251,91
DA:252,32
DA:253,19
DA:255,13
DA:258,32
DA:259,32
DA:267,31
DA:268,31
DA:270,31
DA:271,31
DA:272,31
DA:273,31
DA:274,31
DA:275,31
DA:277,31
DA:278,31
DA:279,31
DA:280,31
DA:282,31
DA:285,31
DA:286,31
DA:287,31
DA:288,62
DA:290,31
DA:293,1
DA:295,32
DA:296,32
DA:300,91
DA:301,19
DA:304,91
DA:305,91
DA:306,37
DA:310,91
DA:311,91
DA:313,52
DA:314,33
DA:315,33
DA:325,1
DA:326,1
DA:330,2
DA:331,2
DA:336,2
DA:337,1
DA:338,1
DA:340,1
DA:341,0
DA:342,0
DA:344,1
DA:345,0
DA:346,0
DA:349,1
DA:351,1
DA:352,1
DA:360,1
DA:361,1
DA:362,1
DA:363,1
DA:364,1
DA:365,1
DA:366,1
DA:368,0
DA:370,1
DA:375,3
DA:376,1
DA:377,1
DA:380,2
DA:382,2
DA:383,2
DA:390,1
DA:391,1
DA:392,1
DA:393,1
DA:394,1
DA:395,1
DA:397,1
DA:399,2
DA:404,1
DA:405,1
DA:406,0
DA:409,1
DA:411,1
DA:412,1
DA:413,1
DA:414,1
DA:416,0
DA:418,1
DA:423,1
DA:424,0
DA:427,1
DA:429,1
DA:430,1
DA:431,1
DA:432,1
DA:434,0
DA:436,1
DA:441,3
DA:442,3
DA:443,0
DA:444,0
DA:447,3
DA:448,6
DA:449,6
DA:450,4
DA:451,4
DA:452,0
DA:453,0
DA:455,4
DA:458,3
DA:459,3
DA:460,3
DA:461,3
DA:462,3
DA:463,1
DA:464,1
DA:467,2
DA:468,2
DA:469,0
DA:470,0
DA:473,2
DA:475,2
DA:476,2
DA:477,1
DA:481,1
DA:482,1
DA:483,1
DA:484,1
DA:485,1
DA:487,1
DA:488,0
DA:489,0
DA:490,0
DA:493,1
DA:494,1
DA:495,1
DA:496,1
DA:497,0
DA:498,0
DA:499,0
DA:501,1
DA:505,1
DA:508,1
DA:514,1
DA:515,1
DA:517,1
DA:518,1
DA:519,1
DA:521,2
DA:523,0
DA:525,2
DA:530,2
DA:540,1
DA:546,1
DA:547,1
DA:548,1
DA:550,1
DA:556,1
DA:557,0
DA:558,0
DA:560,1
DA:561,0
DA:562,0
DA:564,1
DA:565,0
DA:566,0
DA:569,1
DA:571,1
DA:572,1
DA:579,1
DA:580,1
DA:582,0
DA:584,1
DA:589,1
DA:590,1
DA:596,1
DA:597,1
DA:599,0
DA:604,1
DA:605,1
DA:606,1
DA:607,1
DA:608,1
DA:610,2
DA:618,2
DA:619,1
DA:620,0
DA:621,1
DA:622,0
DA:624,1
DA:626,1
DA:628,1
DA:633,1
DA:638,0
DA:640,1
DA:641,1
DA:642,1
DA:643,0
DA:644,0
DA:645,0
DA:646,0
DA:647,0
DA:648,0
DA:649,0
DA:651,0
DA:652,0
DA:654,1
DA:655,1
DA:656,1
DA:658,1
DA:659,1
DA:664,1
DA:665,1
DA:666,1
DA:667,1
DA:669,0
DA:670,0
DA:675,1
DA:680,1
DA:682,1
DA:683,0
DA:684,0
DA:687,1
DA:688,1
DA:689,1
DA:694,1
DA:698,1
DA:703,0
DA:704,0
DA:706,1
DA:707,0
DA:708,0
DA:712,1
DA:713,1
DA:714,1
DA:716,1
DA:717,1
DA:722,1
DA:731,1
DA:732,1
DA:734,0
DA:736,1
DA:741,1
DA:742,1
DA:743,1
DA:745,0
DA:751,3
DA:752,3
DA:753,3
DA:756,0
DA:757,0
DA:758,0
DA:763,1
DA:764,1
DA:765,2
DA:766,1
DA:768,1
DA:771,0
DA:772,0
DA:773,0
DA:779,1
DA:780,0
DA:783,1
DA:784,1
DA:785,1
DA:786,1
DA:788,0
DA:793,1
DA:794,1
DA:795,1
DA:796,0
DA:797,0
DA:799,1
DA:800,1
DA:801,1
DA:802,1
DA:803,1
DA:804,1
DA:805,1
DA:807,1
DA:808,1
DA:810,0
DA:812,1
DA:816,91
DA:817,19
DA:829,72
DA:843,0
DA:941,142
DA:942,142
DA:943,142
DA:945,142
DA:972,1
DA:973,1
DA:977,1
DA:978,1
DA:994,1
DA:1018,2
DA:1025,2
DA:1032,2
DA:1038,0
DA:1074,0
DA:1094,142
DA:1145,1
DA:1153,2
DA:1160,1
DA:1174,1
DA:1180,1
DA:1226,1
DA:1238,0
DA:1251,1
DA:1288,1
DA:1295,73
DA:1298,1
DA:1303,144
DA:1312,1
DA:1319,1
DA:1324,1
DA:1340,71
DA:1356,0
DA:1365,0
DA:1384,2
DA:1396,0
DA:1408,1
DA:1416,1
DA:1434,0
DA:1441,71
DA:1444,0
DA:1449,142
DA:1458,0
DA:1465,0
DA:1470,0
DA:1519,0
DA:1524,12
DA:1538,1
DA:1563,1
DA:1586,2
DA:1603,1
DA:1638,0
DA:1647,0
DA:1656,1
DA:1666,0
DA:1667,0
LF:441
LH:358
BRDA:26,0,0,214
BRDA:26,0,1,0
BRDA:36,1,0,36
BRDA:36,1,1,0
BRDA:39,2,0,36
BRDA:39,2,1,0
BRDA:39,3,0,36
BRDA:39,3,1,36
BRDA:39,3,2,36
BRDA:41,4,0,0
BRDA:41,4,1,0
BRDA:46,5,0,36
BRDA:46,5,1,0
BRDA:46,6,0,36
BRDA:46,6,1,36
BRDA:46,6,2,36
BRDA:48,7,0,36
BRDA:48,7,1,0
BRDA:49,8,0,0
BRDA:49,8,1,36
BRDA:52,9,0,0
BRDA:52,9,1,0
BRDA:53,10,0,0
BRDA:53,10,1,0
BRDA:69,11,0,31
BRDA:69,11,1,0
BRDA:72,12,0,31
BRDA:72,12,1,0
BRDA:75,13,0,31
BRDA:75,13,1,0
BRDA:81,14,0,73
BRDA:81,14,1,0
BRDA:83,15,0,73
BRDA:83,15,1,1
BRDA:84,16,0,73
BRDA:84,16,1,1
BRDA:85,17,0,73
BRDA:85,17,1,1
BRDA:87,18,0,73
BRDA:87,18,1,1
BRDA:87,18,2,1
BRDA:92,19,0,34
BRDA:92,19,1,0
BRDA:95,20,0,34
BRDA:95,20,1,0
BRDA:98,21,0,34
BRDA:98,21,1,0
BRDA:101,22,0,34
BRDA:101,22,1,34
BRDA:101,22,2,34
BRDA:101,22,3,31
BRDA:101,22,4,31
BRDA:101,23,0,34
BRDA:101,23,1,0
BRDA:101,24,0,34
BRDA:101,24,1,0
BRDA:102,25,0,34
BRDA:102,25,1,0
BRDA:102,26,0,34
BRDA:102,26,1,0
BRDA:110,27,0,85
BRDA:110,27,1,77
BRDA:116,28,0,162
BRDA:116,28,1,18
BRDA:130,29,0,143
BRDA:138,30,0,143
BRDA:138,30,1,0
BRDA:139,31,0,0
BRDA:139,31,1,143
BRDA:142,32,0,143
BRDA:142,32,1,0
BRDA:227,33,0,2
BRDA:227,33,1,0
BRDA:228,34,0,2
BRDA:228,34,1,0
BRDA:229,35,0,2
BRDA:229,35,1,0
BRDA:230,36,0,2
BRDA:230,36,1,0
BRDA:234,37,0,2
BRDA:234,37,1,0
BRDA:234,38,0,2
BRDA:234,38,1,2
BRDA:239,39,0,2
BRDA:239,39,1,0
BRDA:239,40,0,2
BRDA:239,40,1,2
BRDA:251,41,0,0
BRDA:252,42,0,19
BRDA:252,42,1,13
BRDA:267,43,0,31
BRDA:267,43,1,0
BRDA:268,44,0,31
BRDA:268,44,1,0
BRDA:272,45,0,31
BRDA:272,45,1,0
BRDA:273,46,0,31
BRDA:273,46,1,0
BRDA:275,47,0,31
BRDA:275,47,1,0
BRDA:293,48,0,1
BRDA:293,48,1,0
BRDA:314,49,0,33
BRDA:314,49,1,0
BRDA:325,50,0,1
BRDA:325,50,1,0
BRDA:334,51,0,1
BRDA:334,51,1,0
BRDA:334,52,0,1
BRDA:334,52,1,0
BRDA:336,53,0,1
BRDA:336,53,1,1
BRDA:336,54,0,2
BRDA:336,54,1,1
BRDA:336,54,2,1
BRDA:340,55,0,0
BRDA:340,55,1,1
BRDA:340,56,0,1
BRDA:340,56,1,1
BRDA:340,57,0,1
BRDA:340,57,1,1
BRDA:340,57,2,1
BRDA:344,58,0,0
BRDA:344,58,1,1
BRDA:354,59,0,1
BRDA:354,59,1,1
BRDA:368,60,0,0
BRDA:368,60,1,0
BRDA:375,61,0,1
BRDA:375,61,1,2
BRDA:375,62,0,3
BRDA:375,62,1,2
BRDA:375,62,2,2
BRDA:397,63,0,1
BRDA:397,63,1,0
BRDA:404,64,0,1
BRDA:404,64,1,0
BRDA:405,65,0,0
BRDA:405,65,1,1
BRDA:405,66,0,1
BRDA:405,66,1,1
BRDA:416,67,0,0
BRDA:416,67,1,0
BRDA:423,68,0,0
BRDA:423,68,1,1
BRDA:434,69,0,0
BRDA:434,69,1,0
BRDA:442,70,0,0
BRDA:442,70,1,3
BRDA:442,71,0,3
BRDA:442,71,1,3
BRDA:448,72,0,6
BRDA:448,72,1,0
BRDA:449,73,0,2
BRDA:449,73,1,4
BRDA:451,74,0,0
BRDA:451,74,1,4
BRDA:451,75,0,4
BRDA:451,75,1,4
BRDA:459,76,0,0
BRDA:459,76,1,3
BRDA:461,77,0,0
BRDA:461,77,1,3
BRDA:462,78,0,1
BRDA:462,78,1,2
BRDA:462,79,0,3
BRDA:462,79,1,2
BRDA:462,79,2,2
BRDA:467,80,0,2
BRDA:467,80,1,0
BRDA:468,81,0,0
BRDA:468,81,1,2
BRDA:476,82,0,1
BRDA:476,82,1,1
BRDA:481,83,0,1
BRDA:481,83,1,0
BRDA:482,84,0,1
BRDA:482,84,1,0
BRDA:487,85,0,0
BRDA:487,85,1,1
BRDA:487,86,0,1
BRDA:487,86,1,1
BRDA:493,87,0,0
BRDA:493,87,1,1
BRDA:494,88,0,1
BRDA:494,88,1,0
BRDA:495,89,0,1
BRDA:495,89,1,0
BRDA:495,90,0,1
BRDA:495,90,1,1
BRDA:496,91,0,0
BRDA:496,91,1,1
BRDA:509,92,0,1
BRDA:509,92,1,0
BRDA:510,93,0,1
BRDA:510,93,1,0
BRDA:514,94,0,0
BRDA:514,94,1,1
BRDA:515,95,0,0
BRDA:515,95,1,1
BRDA:523,96,0,0
BRDA:523,96,1,0
BRDA:540,97,0,1
BRDA:540,97,1,0
BRDA:542,98,0,0
BRDA:542,98,1,0
BRDA:547,99,0,1
BRDA:547,99,1,0
BRDA:548,100,0,1
BRDA:548,100,1,0
BRDA:553,101,0,1
BRDA:553,101,1,0
BRDA:553,102,0,1
BRDA:553,102,1,0
BRDA:556,103,0,0
BRDA:556,103,1,1
BRDA:556,104,0,1
BRDA:556,104,1,1
BRDA:556,104,2,1
BRDA:560,105,0,0
BRDA:560,105,1,1
BRDA:560,106,0,1
BRDA:560,106,1,1
BRDA:560,107,0,1
BRDA:560,107,1,1
BRDA:560,107,2,1
BRDA:564,108,0,0
BRDA:564,108,1,1
BRDA:574,109,0,1
BRDA:574,109,1,0
BRDA:582,110,0,0
BRDA:582,110,1,0
BRDA:591,111,0,1
BRDA:591,111,1,0
BRDA:592,112,0,1
BRDA:592,112,1,0
BRDA:596,113,0,1
BRDA:596,113,1,0
BRDA:599,114,0,0
BRDA:599,114,1,0
BRDA:604,115,0,0
BRDA:604,115,1,1
BRDA:611,116,0,2
BRDA:611,116,1,0
BRDA:612,117,0,2
BRDA:612,117,1,0
BRDA:619,118,0,0
BRDA:619,118,1,1
BRDA:621,119,0,0
BRDA:621,119,1,1
BRDA:633,120,0,0
BRDA:633,120,1,1
BRDA:654,121,0,1
BRDA:654,121,1,0
BRDA:658,122,0,1
BRDA:658,122,1,0
BRDA:659,123,0,1
BRDA:659,123,1,0
BRDA:669,124,0,0
BRDA:669,124,1,0
BRDA:682,125,0,0
BRDA:682,125,1,1
BRDA:692,126,0,1
BRDA:692,126,1,0
BRDA:692,127,0,1
BRDA:692,127,1,0
BRDA:694,128,0,0
BRDA:694,128,1,1
BRDA:695,129,0,1
BRDA:695,129,1,1
BRDA:698,130,0,1
BRDA:698,130,1,1
BRDA:698,130,2,1
BRDA:706,131,0,0
BRDA:706,131,1,1
BRDA:718,132,0,1
BRDA:718,132,1,0
BRDA:718,133,0,1
BRDA:718,133,1,0
BRDA:719,134,0,1
BRDA:719,134,1,0
BRDA:719,135,0,1
BRDA:719,135,1,0
BRDA:725,136,0,1
BRDA:725,136,1,0
BRDA:725,137,0,1
BRDA:725,137,1,0
BRDA:734,138,0,0
BRDA:734,138,1,0
BRDA:740,139,0,0
BRDA:741,140,0,1
BRDA:741,140,1,0
BRDA:746,141,0,0
BRDA:746,141,1,0
BRDA:751,142,0,3
BRDA:751,142,1,0
BRDA:752,143,0,3
BRDA:752,143,1,0
BRDA:756,144,0,0
BRDA:756,144,1,0
BRDA:758,145,0,0
BRDA:758,145,1,0
BRDA:763,146,0,1
BRDA:763,146,1,0
BRDA:766,147,0,1
BRDA:766,147,1,0
BRDA:771,148,0,0
BRDA:771,148,1,0
BRDA:774,149,0,0
BRDA:774,149,1,0
BRDA:779,150,0,0
BRDA:779,150,1,1
BRDA:788,151,0,0
BRDA:788,151,1,0
BRDA:794,152,0,1
BRDA:794,152,1,0
BRDA:794,153,0,1
BRDA:794,153,1,1
BRDA:795,154,0,0
BRDA:795,154,1,1
BRDA:795,155,0,1
BRDA:795,155,1,1
BRDA:810,156,0,0
BRDA:810,156,1,0
BRDA:816,157,0,19
BRDA:816,157,1,72
BRDA:847,158,0,0
BRDA:847,158,1,72
BRDA:865,159,0,71
BRDA:865,159,1,1
BRDA:873,160,0,71
BRDA:873,160,1,1
BRDA:879,161,0,71
BRDA:879,161,1,1
BRDA:881,162,0,71
BRDA:881,162,1,1
BRDA:885,163,0,71
BRDA:885,163,1,1
BRDA:890,164,0,71
BRDA:890,164,1,1
BRDA:895,165,0,71
BRDA:895,165,1,1
BRDA:900,166,0,71
BRDA:900,166,1,1
BRDA:904,167,0,71
BRDA:904,167,1,1
BRDA:909,168,0,71
BRDA:909,168,1,1
BRDA:916,169,0,72
BRDA:916,169,1,71
BRDA:918,170,0,71
BRDA:918,170,1,1
BRDA:923,171,0,1
BRDA:923,171,1,71
BRDA:925,172,0,70
BRDA:925,172,1,1
BRDA:941,173,0,142
BRDA:941,173,1,0
BRDA:943,174,0,142
BRDA:943,174,1,71
BRDA:977,175,0,1
BRDA:977,175,1,0
BRDA:977,176,0,1
BRDA:977,176,1,1
BRDA:981,177,0,142
BRDA:981,177,1,71
BRDA:984,178,0,71
BRDA:984,178,1,71
BRDA:984,179,0,142
BRDA:984,179,1,72
BRDA:991,180,0,71
BRDA:991,180,1,71
BRDA:998,181,0,1
BRDA:998,181,1,70
BRDA:1002,182,0,71
BRDA:1002,182,1,0
BRDA:1050,183,0,2
BRDA:1050,183,1,70
BRDA:1092,184,0,71
BRDA:1092,184,1,1
BRDA:1096,185,0,0
BRDA:1096,185,1,142
BRDA:1098,186,0,142
BRDA:1098,186,1,0
BRDA:1107,187,0,142
BRDA:1107,187,1,0
BRDA:1111,188,0,0
BRDA:1111,188,1,142
BRDA:1113,189,0,142
BRDA:1113,189,1,0
BRDA:1118,190,0,0
BRDA:1118,190,1,142
BRDA:1118,191,0,142
BRDA:1118,191,1,0
BRDA:1124,192,0,142
BRDA:1124,192,1,0
BRDA:1129,193,0,0
BRDA:1129,193,1,142
BRDA:1131,194,0,142
BRDA:1131,194,1,0
BRDA:1142,195,0,142
BRDA:1142,195,1,0
BRDA:1172,196,0,142
BRDA:1172,196,1,140
BRDA:1184,197,0,1
BRDA:1184,197,1,141
BRDA:1212,198,0,1
BRDA:1212,198,1,71
BRDA:1265,199,0,72
BRDA:1265,199,1,0
BRDA:1266,200,0,72
BRDA:1266,200,1,0
BRDA:1277,201,0,1
BRDA:1277,201,1,71
BRDA:1398,202,0,71
BRDA:1398,202,1,0
BRDA:1399,203,0,71
BRDA:1399,203,1,0
BRDA:1412,204,0,1
BRDA:1412,204,1,70
BRDA:1420,205,0,1
BRDA:1420,205,1,70
BRDA:1423,206,0,4
BRDA:1423,206,1,67
BRDA:1424,207,0,4
BRDA:1424,207,1,67
BRDA:1440,208,0,71
BRDA:1440,208,1,0
BRDA:1487,209,0,12
BRDA:1487,209,1,60
BRDA:1492,210,0,6
BRDA:1492,210,1,6
BRDA:1504,211,0,6
BRDA:1504,211,1,6
BRDA:1509,212,0,6
BRDA:1509,212,1,0
BRDA:1628,213,0,2
BRDA:1628,213,1,10
BRDA:1628,214,0,5
BRDA:1628,214,1,5
BRDA:1639,215,0,0
BRDA:1639,215,1,72
BRDA:1648,216,0,71
BRDA:1648,216,1,1
BRDA:1657,217,0,1
BRDA:1657,217,1,71
BRDA:1669,218,0,0
BRDA:1669,218,1,72
BRF:448
BRH:285
end_of_record
TN:
SF:src\pages\OwnerDashboard.js
FN:23,minutesSince
FN:27,groupByLocation
FN:28,(anonymous_2)
FN:29,(anonymous_3)
FN:30,(anonymous_4)
FN:31,(anonymous_5)
FN:33,(anonymous_6)
FN:39,(anonymous_7)
FN:46,OwnerDashboard
FN:82,scrollToSection
FN:86,(anonymous_10)
FN:112,(anonymous_11)
FN:123,(anonymous_12)
FN:144,(anonymous_13)
FN:149,(anonymous_14)
FN:149,(anonymous_15)
FN:153,(anonymous_16)
FN:155,(anonymous_17)
FN:158,(anonymous_18)
FN:160,(anonymous_19)
FN:164,(anonymous_20)
FN:164,(anonymous_21)
FN:168,(anonymous_22)
FN:170,(anonymous_23)
FN:189,(anonymous_24)
FN:193,(anonymous_25)
FN:204,(anonymous_26)
FN:211,(anonymous_27)
FN:213,(anonymous_28)
FN:216,focusLocation
FN:217,(anonymous_30)
FN:223,(anonymous_31)
FN:229,isLocationChanged
FN:237,handleCreateLocation
FN:262,saveLocationDraft
FN:286,removeLocation
FN:304,isUserChanged
FN:325,saveUserDraft
FN:367,removeUserAccount
FN:385,handleCreateUserAccount
FN:444,(anonymous_40)
FN:457,(anonymous_41)
FN:464,(anonymous_42)
FN:470,(anonymous_43)
FN:498,(anonymous_44)
FN:512,(anonymous_45)
FN:540,(anonymous_46)
FN:551,(anonymous_47)
FN:573,(anonymous_48)
FN:577,(anonymous_49)
FN:603,(anonymous_50)
FN:607,(anonymous_51)
FN:641,(anonymous_52)
FN:648,(anonymous_53)
FN:662,(anonymous_54)
FN:670,(anonymous_55)
FN:671,(anonymous_56)
FN:684,(anonymous_57)
FN:685,(anonymous_58)
FN:699,(anonymous_59)
FN:707,(anonymous_60)
FN:733,(anonymous_61)
FN:740,(anonymous_62)
FN:747,(anonymous_63)
FN:752,(anonymous_64)
FN:769,(anonymous_65)
FN:774,(anonymous_66)
FN:792,(anonymous_67)
FN:808,(anonymous_68)
FN:809,(anonymous_69)
FN:822,(anonymous_70)
FN:823,(anonymous_71)
FN:838,(anonymous_72)
FN:839,(anonymous_73)
FN:861,(anonymous_74)
FN:862,(anonymous_75)
FN:874,(anonymous_76)
FN:885,(anonymous_77)
FN:886,(anonymous_78)
FN:901,(anonymous_79)
FN:909,(anonymous_80)
FN:928,(anonymous_81)
FN:931,(anonymous_82)
FN:945,(anonymous_83)
FN:967,(anonymous_84)
FN:999,(anonymous_85)
FN:1007,(anonymous_86)
FNF:87
FNH:68
FNDA:9,minutesSince
FNDA:18,groupByLocation
FNDA:18,(anonymous_2)
FNDA:36,(anonymous_3)
FNDA:36,(anonymous_4)
FNDA:18,(anonymous_5)
FNDA:18,(anonymous_6)
FNDA:18,(anonymous_7)
FNDA:42,OwnerDashboard
FNDA:0,scrollToSection
FNDA:16,(anonymous_10)
FNDA:15,(anonymous_11)
FNDA:15,(anonymous_12)
FNDA:10,(anonymous_13)
FNDA:18,(anonymous_14)
FNDA:9,(anonymous_15)
FNDA:20,(anonymous_16)
FNDA:2,(anonymous_17)
FNDA:20,(anonymous_18)
FNDA:2,(anonymous_19)
FNDA:20,(anonymous_20)
FNDA:21,(anonymous_21)
FNDA:20,(anonymous_22)
FNDA:20,(anonymous_23)
FNDA:10,(anonymous_24)
FNDA:20,(anonymous_25)
FNDA:140,(anonymous_26)
FNDA:20,(anonymous_27)
FNDA:1,(anonymous_28)
FNDA:1,focusLocation
FNDA:1,(anonymous_30)
FNDA:1,(anonymous_31)
FNDA:64,isLocationChanged
FNDA:2,handleCreateLocation
FNDA:1,saveLocationDraft
FNDA:1,removeLocation
FNDA:64,isUserChanged
FNDA:1,saveUserDraft
FNDA:1,removeUserAccount
FNDA:2,handleCreateUserAccount
FNDA:0,(anonymous_40)
FNDA:0,(anonymous_41)
FNDA:0,(anonymous_42)
FNDA:0,(anonymous_43)
FNDA:1,(anonymous_44)
FNDA:32,(anonymous_45)
FNDA:224,(anonymous_46)
FNDA:224,(anonymous_47)
FNDA:64,(anonymous_48)
FNDA:1,(anonymous_49)
FNDA:64,(anonymous_50)
FNDA:0,(anonymous_51)
FNDA:1,(anonymous_52)
FNDA:1,(anonymous_53)
FNDA:64,(anonymous_54)
FNDA:1,(anonymous_55)
FNDA:1,(anonymous_56)
FNDA:0,(anonymous_57)
FNDA:0,(anonymous_58)
FNDA:1,(anonymous_59)
FNDA:1,(anonymous_60)
FNDA:1,(anonymous_61)
FNDA:1,(anonymous_62)
FNDA:1,(anonymous_63)
FNDA:0,(anonymous_64)
FNDA:1,(anonymous_65)
FNDA:64,(anonymous_66)
FNDA:64,(anonymous_67)
FNDA:1,(anonymous_68)
FNDA:1,(anonymous_69)
FNDA:0,(anonymous_70)
FNDA:0,(anonymous_71)
FNDA:0,(anonymous_72)
FNDA:0,(anonymous_73)
FNDA:0,(anonymous_74)
FNDA:0,(anonymous_75)
FNDA:128,(anonymous_76)
FNDA:0,(anonymous_77)
FNDA:0,(anonymous_78)
FNDA:1,(anonymous_79)
FNDA:1,(anonymous_80)
FNDA:96,(anonymous_81)
FNDA:1,(anonymous_82)
FNDA:63,(anonymous_83)
FNDA:63,(anonymous_84)
FNDA:0,(anonymous_85)
FNDA:0,(anonymous_86)
DA:20,1
DA:21,1
DA:24,9
DA:28,18
DA:29,36
DA:30,36
DA:31,18
DA:32,18
DA:33,18
DA:36,18
DA:39,18
DA:47,42
DA:48,42
DA:49,42
DA:50,42
DA:51,42
DA:52,42
DA:53,42
DA:54,42
DA:56,42
DA:57,42
DA:58,42
DA:59,42
DA:60,42
DA:61,42
DA:63,42
DA:64,42
DA:65,42
DA:66,42
DA:67,42
DA:68,42
DA:69,42
DA:70,42
DA:71,42
DA:73,42
DA:74,42
DA:75,42
DA:77,42
DA:79,42
DA:80,42
DA:83,0
DA:86,42
DA:87,16
DA:88,10
DA:90,6
DA:93,16
DA:94,16
DA:102,16
DA:103,16
DA:105,16
DA:106,16
DA:107,16
DA:108,16
DA:109,16
DA:110,16
DA:112,16
DA:113,15
DA:114,15
DA:115,30
DA:120,15
DA:123,16
DA:124,15
DA:125,15
DA:126,30
DA:134,15
DA:137,0
DA:139,16
DA:140,16
DA:144,42
DA:145,10
DA:148,42
DA:149,18
DA:153,42
DA:154,20
DA:155,2
DA:158,42
DA:159,20
DA:160,2
DA:163,42
DA:164,21
DA:168,42
DA:170,42
DA:171,20
DA:173,20
DA:174,21
DA:175,21
DA:183,21
DA:184,21
DA:185,21
DA:188,20
DA:189,10
DA:193,42
DA:194,20
DA:195,20
DA:197,20
DA:198,21
DA:199,21
DA:200,21
DA:203,20
DA:204,140
DA:211,42
DA:212,20
DA:213,1
DA:217,1
DA:218,1
DA:219,0
DA:220,0
DA:223,1
DA:224,1
DA:225,1
DA:230,64
DA:231,64
DA:238,2
DA:239,1
DA:240,1
DA:243,1
DA:245,1
DA:246,1
DA:251,1
DA:252,1
DA:253,1
DA:254,1
DA:256,0
DA:258,1
DA:263,1
DA:264,1
DA:265,1
DA:266,0
DA:267,0
DA:270,1
DA:272,1
DA:273,1
DA:277,1
DA:278,1
DA:280,0
DA:282,1
DA:287,1
DA:288,0
DA:291,1
DA:293,1
DA:294,1
DA:295,1
DA:296,1
DA:298,0
DA:300,1
DA:305,64
DA:313,64
DA:314,64
DA:316,64
DA:326,1
DA:327,1
DA:333,1
DA:334,0
DA:335,0
DA:338,1
DA:339,0
DA:341,1
DA:342,1
DA:343,0
DA:344,0
DA:346,1
DA:349,1
DA:350,1
DA:351,0
DA:354,1
DA:356,1
DA:357,1
DA:358,1
DA:359,1
DA:361,0
DA:363,1
DA:368,1
DA:369,0
DA:372,1
DA:374,1
DA:375,1
DA:376,1
DA:377,1
DA:379,0
DA:381,1
DA:386,2
DA:387,1
DA:388,1
DA:391,1
DA:398,1
DA:399,1
DA:400,1
DA:401,0
DA:402,0
DA:404,1
DA:407,1
DA:409,1
DA:410,1
DA:411,1
DA:412,1
DA:413,1
DA:414,1
DA:415,1
DA:416,1
DA:417,1
DA:419,0
DA:421,1
DA:425,42
DA:426,10
DA:438,32
DA:444,0
DA:457,0
DA:464,0
DA:470,0
DA:499,1
DA:500,1
DA:513,32
DA:541,224
DA:552,224
DA:574,64
DA:577,1
DA:604,64
DA:607,0
DA:641,1
DA:648,1
DA:663,64
DA:664,64
DA:671,1
DA:685,0
DA:699,1
DA:707,1
DA:733,1
DA:740,1
DA:747,1
DA:753,0
DA:754,0
DA:755,0
DA:756,0
DA:769,1
DA:775,64
DA:793,64
DA:800,64
DA:802,64
DA:809,1
DA:823,0
DA:839,0
DA:862,0
DA:875,128
DA:886,0
DA:901,1
DA:909,1
DA:929,96
DA:931,1
DA:946,63
DA:947,63
DA:948,63
DA:968,63
DA:999,0
DA:1007,0
LF:254
LH:216
BRDA:31,0,0,18
BRDA:31,0,1,0
BRDA:33,1,0,18
BRDA:33,1,1,9
BRDA:33,1,2,9
BRDA:41,2,0,0
BRDA:41,2,1,18
BRDA:41,3,0,0
BRDA:41,3,1,18
BRDA:86,4,0,0
BRDA:87,5,0,10
BRDA:87,5,1,6
BRDA:102,6,0,16
BRDA:102,6,1,0
BRDA:103,7,0,16
BRDA:103,7,1,0
BRDA:106,8,0,16
BRDA:106,8,1,0
BRDA:107,9,0,16
BRDA:107,9,1,0
BRDA:108,10,0,16
BRDA:108,10,1,0
BRDA:109,11,0,16
BRDA:109,11,1,0
BRDA:116,12,0,30
BRDA:116,12,1,0
BRDA:117,13,0,30
BRDA:117,13,1,0
BRDA:127,14,0,30
BRDA:127,14,1,0
BRDA:128,15,0,30
BRDA:128,15,1,0
BRDA:129,16,0,30
BRDA:129,16,1,0
BRDA:130,17,0,30
BRDA:130,17,1,0
BRDA:137,18,0,0
BRDA:137,18,1,0
BRDA:154,19,0,19
BRDA:154,19,1,1
BRDA:159,20,0,19
BRDA:159,20,1,1
BRDA:164,21,0,21
BRDA:164,21,1,0
BRDA:175,22,0,21
BRDA:175,22,1,21
BRDA:183,23,0,21
BRDA:183,23,1,0
BRDA:184,24,0,21
BRDA:184,24,1,0
BRDA:199,25,0,0
BRDA:199,25,1,21
BRDA:212,26,0,19
BRDA:212,26,1,1
BRDA:213,27,0,1
BRDA:213,27,1,0
BRDA:218,28,0,0
BRDA:218,28,1,1
BRDA:224,29,0,1
BRDA:224,29,1,0
BRDA:230,30,0,64
BRDA:230,30,1,0
BRDA:230,31,0,0
BRDA:230,31,1,0
BRDA:230,32,0,0
BRDA:230,32,1,0
BRDA:232,33,0,64
BRDA:232,33,1,62
BRDA:232,34,0,64
BRDA:232,34,1,0
BRDA:232,35,0,64
BRDA:232,35,1,0
BRDA:233,36,0,62
BRDA:233,36,1,0
BRDA:233,37,0,62
BRDA:233,37,1,0
BRDA:238,38,0,1
BRDA:238,38,1,1
BRDA:248,39,0,1
BRDA:248,39,1,0
BRDA:256,40,0,0
BRDA:256,40,1,0
BRDA:263,41,0,1
BRDA:263,41,1,0
BRDA:263,42,0,0
BRDA:263,42,1,0
BRDA:263,43,0,0
BRDA:263,43,1,0
BRDA:264,44,0,1
BRDA:264,44,1,0
BRDA:265,45,0,0
BRDA:265,45,1,1
BRDA:275,46,0,1
BRDA:275,46,1,0
BRDA:275,47,0,1
BRDA:275,47,1,0
BRDA:280,48,0,0
BRDA:280,48,1,0
BRDA:287,49,0,0
BRDA:287,49,1,1
BRDA:298,50,0,0
BRDA:298,50,1,0
BRDA:305,51,0,64
BRDA:305,51,1,0
BRDA:306,52,0,0
BRDA:306,52,1,0
BRDA:307,53,0,0
BRDA:307,53,1,0
BRDA:308,54,0,0
BRDA:308,54,1,0
BRDA:309,55,0,0
BRDA:309,55,1,0
BRDA:313,56,0,0
BRDA:313,56,1,64
BRDA:314,57,0,0
BRDA:314,57,1,64
BRDA:317,58,0,64
BRDA:317,58,1,62
BRDA:317,58,2,62
BRDA:317,58,3,62
BRDA:317,58,4,62
BRDA:317,59,0,64
BRDA:317,59,1,0
BRDA:317,60,0,64
BRDA:317,60,1,0
BRDA:318,61,0,62
BRDA:318,61,1,0
BRDA:318,62,0,62
BRDA:318,62,1,0
BRDA:321,63,0,62
BRDA:321,63,1,62
BRDA:326,64,0,1
BRDA:326,64,1,0
BRDA:328,65,0,1
BRDA:328,65,1,0
BRDA:329,66,0,1
BRDA:329,66,1,0
BRDA:333,67,0,0
BRDA:333,67,1,1
BRDA:333,68,0,1
BRDA:333,68,1,1
BRDA:333,68,2,1
BRDA:338,69,0,0
BRDA:338,69,1,1
BRDA:342,70,0,0
BRDA:342,70,1,1
BRDA:342,71,0,1
BRDA:342,71,1,1
BRDA:349,72,0,1
BRDA:349,72,1,1
BRDA:350,73,0,0
BRDA:350,73,1,1
BRDA:361,74,0,0
BRDA:361,74,1,0
BRDA:368,75,0,0
BRDA:368,75,1,1
BRDA:379,76,0,0
BRDA:379,76,1,0
BRDA:386,77,0,1
BRDA:386,77,1,1
BRDA:386,78,0,2
BRDA:386,78,1,1
BRDA:386,78,2,1
BRDA:398,79,0,1
BRDA:398,79,1,0
BRDA:400,80,0,0
BRDA:400,80,1,1
BRDA:400,81,0,1
BRDA:400,81,1,1
BRDA:419,82,0,0
BRDA:419,82,1,0
BRDA:425,83,0,10
BRDA:425,83,1,32
BRDA:473,84,0,0
BRDA:473,84,1,32
BRDA:484,85,0,32
BRDA:484,85,1,0
BRDA:493,86,0,1
BRDA:493,86,1,31
BRDA:513,87,0,32
BRDA:513,87,1,0
BRDA:527,88,0,1
BRDA:527,88,1,31
BRDA:527,89,0,31
BRDA:527,89,1,0
BRDA:530,90,0,1
BRDA:530,90,1,31
BRDA:530,91,0,31
BRDA:530,91,1,0
BRDA:543,92,0,32
BRDA:543,92,1,192
BRDA:543,93,0,32
BRDA:543,93,1,192
BRDA:565,94,0,32
BRDA:565,94,1,0
BRDA:578,95,0,1
BRDA:578,95,1,63
BRDA:583,96,0,0
BRDA:583,96,1,64
BRDA:585,97,0,0
BRDA:585,97,1,64
BRDA:592,98,0,0
BRDA:592,98,1,64
BRDA:608,99,0,1
BRDA:608,99,1,63
BRDA:657,100,0,1
BRDA:657,100,1,31
BRDA:663,101,0,64
BRDA:663,101,1,0
BRDA:663,102,0,0
BRDA:663,102,1,0
BRDA:663,103,0,0
BRDA:663,103,1,0
BRDA:700,104,0,64
BRDA:700,104,1,2
BRDA:703,105,0,1
BRDA:703,105,1,63
BRDA:711,106,0,1
BRDA:711,106,1,63
BRDA:755,107,0,0
BRDA:755,107,1,0
BRDA:786,108,0,1
BRDA:786,108,1,31
BRDA:793,109,0,64
BRDA:793,109,1,0
BRDA:794,110,0,0
BRDA:794,110,1,0
BRDA:795,111,0,0
BRDA:795,111,1,0
BRDA:796,112,0,0
BRDA:796,112,1,0
BRDA:797,113,0,0
BRDA:797,113,1,0
BRDA:845,114,0,0
BRDA:845,114,1,0
BRDA:847,115,0,0
BRDA:847,115,1,0
BRDA:847,116,0,0
BRDA:847,116,1,0
BRDA:860,117,0,64
BRDA:860,117,1,0
BRDA:902,118,0,64
BRDA:902,118,1,2
BRDA:905,119,0,1
BRDA:905,119,1,63
BRDA:910,120,0,64
BRDA:910,120,1,64
BRDA:913,121,0,1
BRDA:913,121,1,63
BRDA:913,122,0,0
BRDA:913,122,1,63
BRDA:932,123,0,32
BRDA:932,123,1,64
BRDA:946,124,0,63
BRDA:946,124,1,0
BRDA:950,125,0,32
BRDA:950,125,1,31
BRDA:982,126,0,0
BRDA:982,126,1,32
BRF:259
BRH:142
end_of_record
TN:
SF:src\pages\WaiterDashboard.js
FN:29,minutesSince
FN:35,WaiterDashboard
FN:53,scrollToSection
FN:57,statusLabel
FN:62,(anonymous_4)
FN:78,(anonymous_5)
FN:88,(anonymous_6)
FN:90,(anonymous_7)
FN:94,(anonymous_8)
FN:98,(anonymous_9)
FN:98,(anonymous_10)
FN:103,(anonymous_11)
FN:103,(anonymous_12)
FN:108,(anonymous_13)
FN:108,(anonymous_14)
FN:112,updateQuantity
FN:113,(anonymous_16)
FN:119,handleCreateOrder
FN:121,(anonymous_18)
FN:122,(anonymous_19)
FN:153,handleServeOrder
FN:193,(anonymous_21)
FN:224,(anonymous_22)
FN:244,(anonymous_23)
FN:252,(anonymous_24)
FN:269,(anonymous_25)
FN:277,(anonymous_26)
FN:349,(anonymous_27)
FN:403,(anonymous_28)
FN:426,(anonymous_29)
FN:442,(anonymous_30)
FN:454,(anonymous_31)
FN:462,(anonymous_32)
FN:478,(anonymous_33)
FN:486,(anonymous_34)
FN:501,(anonymous_35)
FN:522,(anonymous_36)
FN:530,(anonymous_37)
FN:538,(anonymous_38)
FNF:39
FNH:32
FNDA:69,minutesSince
FNDA:32,WaiterDashboard
FNDA:0,scrollToSection
FNDA:69,statusLabel
FNDA:14,(anonymous_4)
FNDA:9,(anonymous_5)
FNDA:9,(anonymous_6)
FNDA:1,(anonymous_7)
FNDA:9,(anonymous_8)
FNDA:18,(anonymous_9)
FNDA:18,(anonymous_10)
FNDA:20,(anonymous_11)
FNDA:13,(anonymous_12)
FNDA:18,(anonymous_13)
FNDA:18,(anonymous_14)
FNDA:3,updateQuantity
FNDA:3,(anonymous_16)
FNDA:3,handleCreateOrder
FNDA:2,(anonymous_18)
FNDA:2,(anonymous_19)
FNDA:2,handleServeOrder
FNDA:1,(anonymous_21)
FNDA:3,(anonymous_22)
FNDA:23,(anonymous_23)
FNDA:1,(anonymous_24)
FNDA:46,(anonymous_25)
FNDA:2,(anonymous_26)
FNDA:23,(anonymous_27)
FNDA:1,(anonymous_28)
FNDA:0,(anonymous_29)
FNDA:1,(anonymous_30)
FNDA:1,(anonymous_31)
FNDA:22,(anonymous_32)
FNDA:0,(anonymous_33)
FNDA:3,(anonymous_34)
FNDA:0,(anonymous_35)
FNDA:0,(anonymous_36)
FNDA:0,(anonymous_37)
FNDA:0,(anonymous_38)
DA:8,1
DA:30,69
DA:31,69
DA:32,69
DA:36,32
DA:37,32
DA:38,32
DA:39,32
DA:40,32
DA:41,32
DA:43,32
DA:44,32
DA:45,32
DA:46,32
DA:47,32
DA:49,32
DA:50,32
DA:51,32
DA:54,0
DA:58,69
DA:59,69
DA:62,32
DA:63,14
DA:64,9
DA:66,5
DA:69,14
DA:70,14
DA:75,14
DA:76,14
DA:77,14
DA:78,14
DA:80,0
DA:82,14
DA:83,14
DA:88,32
DA:89,9
DA:90,9
DA:91,1
DA:94,9
DA:97,32
DA:98,18
DA:102,32
DA:103,20
DA:107,32
DA:108,18
DA:113,3
DA:120,3
DA:121,2
DA:122,2
DA:127,3
DA:128,1
DA:129,1
DA:132,2
DA:134,2
DA:135,2
DA:141,1
DA:142,1
DA:143,1
DA:144,1
DA:145,1
DA:147,1
DA:149,2
DA:154,2
DA:155,2
DA:156,2
DA:158,0
DA:162,32
DA:163,9
DA:175,23
DA:193,1
DA:224,3
DA:245,23
DA:252,1
DA:270,46
DA:271,46
DA:273,46
DA:277,2
DA:350,23
DA:403,1
DA:426,0
DA:442,1
DA:454,1
DA:463,22
DA:464,22
DA:478,0
DA:486,3
DA:501,0
DA:522,0
DA:530,0
DA:538,0
LF:90
LH:81
BRDA:59,0,0,69
BRDA:59,0,1,0
BRDA:62,1,0,0
BRDA:63,2,0,9
BRDA:63,2,1,5
BRDA:75,3,0,14
BRDA:75,3,1,0
BRDA:77,4,0,14
BRDA:77,4,1,0
BRDA:78,5,0,9
BRDA:78,5,1,9
BRDA:78,5,2,0
BRDA:80,6,0,0
BRDA:80,6,1,0
BRDA:103,7,0,20
BRDA:103,7,1,9
BRDA:103,7,2,9
BRDA:127,8,0,1
BRDA:127,8,1,2
BRDA:136,9,0,2
BRDA:136,9,1,1
BRDA:137,10,0,2
BRDA:137,10,1,1
BRDA:147,11,0,1
BRDA:147,11,1,0
BRDA:158,12,0,0
BRDA:158,12,1,0
BRDA:162,13,0,9
BRDA:162,13,1,23
BRDA:197,14,0,2
BRDA:197,14,1,21
BRDA:242,15,0,23
BRDA:242,15,1,0
BRDA:248,16,0,23
BRDA:248,16,1,0
BRDA:268,17,0,23
BRDA:268,17,1,0
BRDA:270,18,0,46
BRDA:270,18,1,0
BRDA:278,19,0,23
BRDA:278,19,1,23
BRDA:284,20,0,46
BRDA:284,20,1,0
BRDA:298,21,0,46
BRDA:298,21,1,0
BRDA:326,22,0,23
BRDA:326,22,1,0
BRDA:330,23,0,23
BRDA:330,23,1,0
BRDA:346,24,0,23
BRDA:346,24,1,0
BRDA:349,25,0,23
BRDA:349,25,1,0
BRDA:360,26,0,23
BRDA:360,26,1,0
BRDA:371,27,0,21
BRDA:371,27,1,2
BRDA:398,28,0,23
BRDA:398,28,1,0
BRDA:402,29,0,23
BRDA:402,29,1,23
BRDA:403,30,0,1
BRDA:403,30,1,1
BRDA:414,31,0,11
BRDA:414,31,1,12
BRDA:463,32,0,22
BRDA:463,32,1,16
BRDA:512,33,0,2
BRDA:512,33,1,9
BRF:69
BRH:47
end_of_record
TN:
SF:src\screens\KitchenScreen.js
FN:27,toClock
FN:31,KitchenTicket
FN:78,(anonymous_2)
FN:99,(anonymous_3)
FN:107,(anonymous_4)
FN:120,KitchenScreen
FN:126,(anonymous_6)
FN:141,(anonymous_7)
FN:144,(anonymous_8)
FN:147,(anonymous_9)
FN:148,(anonymous_10)
FN:156,(anonymous_11)
FN:157,(anonymous_12)
FN:159,(anonymous_13)
FN:161,(anonymous_14)
FN:162,(anonymous_15)
FN:162,(anonymous_16)
FN:164,(anonymous_17)
FN:170,(anonymous_18)
FN:174,bumpOrder
FN:184,markReady
FN:217,(anonymous_21)
FN:252,(anonymous_22)
FNF:23
FNH:22
FNDA:2,toClock
FNDA:4,KitchenTicket
FNDA:2,(anonymous_2)
FNDA:1,(anonymous_3)
FNDA:1,(anonymous_4)
FNDA:5,KitchenScreen
FNDA:4,(anonymous_6)
FNDA:2,(anonymous_7)
FNDA:2,(anonymous_8)
FNDA:4,(anonymous_9)
FNDA:2,(anonymous_10)
FNDA:4,(anonymous_11)
FNDA:4,(anonymous_12)
FNDA:4,(anonymous_13)
FNDA:4,(anonymous_14)
FNDA:4,(anonymous_15)
FNDA:2,(anonymous_16)
FNDA:2,(anonymous_17)
FNDA:4,(anonymous_18)
FNDA:1,bumpOrder
FNDA:1,markReady
FNDA:0,(anonymous_21)
FNDA:4,(anonymous_22)
DA:28,2
DA:32,4
DA:33,4
DA:34,4
DA:35,4
DA:36,4
DA:38,4
DA:44,4
DA:79,2
DA:99,1
DA:107,1
DA:121,5
DA:122,5
DA:123,5
DA:124,5
DA:126,5
DA:127,4
DA:128,4
DA:132,3
DA:134,2
DA:136,4
DA:137,4
DA:141,5
DA:142,2
DA:143,2
DA:144,2
DA:147,5
DA:148,4
DA:149,2
DA:150,2
DA:151,2
DA:152,2
DA:156,5
DA:157,4
DA:158,4
DA:159,4
DA:161,4
DA:162,4
DA:163,4
DA:164,2
DA:166,4
DA:169,5
DA:170,4
DA:175,1
DA:176,1
DA:177,1
DA:178,1
DA:180,0
DA:185,1
DA:186,1
DA:187,1
DA:188,1
DA:190,0
DA:194,5
DA:195,2
DA:202,3
DA:218,0
DA:219,0
DA:253,4
DA:266,1
LF:60
LH:56
BRDA:35,0,0,4
BRDA:35,0,1,2
BRDA:36,1,0,4
BRDA:36,1,1,0
BRDA:38,2,0,2
BRDA:38,2,1,2
BRDA:40,3,0,0
BRDA:40,3,1,2
BRDA:45,4,0,4
BRDA:45,4,1,2
BRDA:46,5,0,2
BRDA:46,5,1,2
BRDA:47,6,0,0
BRDA:47,6,1,2
BRDA:48,7,0,2
BRDA:48,7,1,0
BRDA:49,8,0,0
BRDA:49,8,1,2
BRDA:49,9,0,1
BRDA:49,9,1,1
BRDA:51,10,0,2
BRDA:51,10,1,0
BRDA:59,11,0,4
BRDA:59,11,1,2
BRDA:62,12,0,0
BRDA:62,12,1,4
BRDA:67,13,0,2
BRDA:67,13,1,2
BRDA:75,14,0,0
BRDA:75,14,1,2
BRDA:84,15,0,2
BRDA:84,15,1,0
BRDA:85,16,0,2
BRDA:85,16,1,0
BRDA:93,17,0,2
BRDA:93,17,1,0
BRDA:98,18,0,2
BRDA:98,18,1,1
BRDA:132,19,0,3
BRDA:132,19,1,0
BRDA:149,20,0,0
BRDA:149,20,1,2
BRDA:149,21,0,2
BRDA:149,21,1,0
BRDA:150,22,0,0
BRDA:150,22,1,2
BRDA:150,23,0,2
BRDA:150,23,1,2
BRDA:151,24,0,0
BRDA:151,24,1,2
BRDA:159,25,0,4
BRDA:159,25,1,2
BRDA:163,26,0,2
BRDA:163,26,1,2
BRDA:175,27,0,0
BRDA:175,27,1,1
BRDA:185,28,0,0
BRDA:185,28,1,1
BRDA:194,29,0,2
BRDA:194,29,1,3
BRDA:229,30,0,3
BRDA:229,30,1,0
BRDA:249,31,0,1
BRDA:249,31,1,2
BRF:64
BRH:45
end_of_record
TN:
SF:src\screens\LoginScreen.js
FN:23,LoginScreen
FN:32,(anonymous_1)
FN:35,(anonymous_2)
FN:51,(anonymous_3)
FN:56,handleLogin
FN:73,fillProfile
FN:133,(anonymous_6)
FN:137,(anonymous_7)
FN:144,(anonymous_8)
FNF:9
FNH:9
FNDA:16,LoginScreen
FNDA:4,(anonymous_1)
FNDA:4,(anonymous_2)
FNDA:4,(anonymous_3)
FNDA:3,handleLogin
FNDA:1,fillProfile
FNDA:5,(anonymous_6)
FNDA:1,(anonymous_7)
FNDA:10,(anonymous_8)
DA:21,1
DA:24,16
DA:25,16
DA:26,16
DA:27,16
DA:28,16
DA:29,16
DA:30,16
DA:32,16
DA:33,4
DA:35,4
DA:36,4
DA:37,4
DA:38,4
DA:40,4
DA:41,3
DA:43,1
DA:44,1
DA:47,4
DA:51,4
DA:52,4
DA:57,3
DA:58,1
DA:59,1
DA:61,2
DA:62,2
DA:63,2
DA:64,1
DA:66,1
DA:67,1
DA:69,2
DA:74,1
DA:75,1
DA:78,16
DA:134,5
DA:137,1
DA:144,10
DA:165,1
LF:38
LH:38
BRDA:38,0,0,1
BRDA:38,0,1,3
BRDA:38,1,0,4
BRDA:38,1,1,4
BRDA:41,2,0,3
BRDA:41,2,1,0
BRDA:41,3,0,3
BRDA:41,3,1,0
BRDA:43,4,0,1
BRDA:43,4,1,0
BRDA:47,5,0,4
BRDA:47,5,1,0
BRDA:57,6,0,1
BRDA:57,6,1,2
BRDA:57,7,0,3
BRDA:57,7,1,2
BRDA:66,8,0,1
BRDA:66,8,1,0
BRDA:82,9,0,16
BRDA:82,9,1,0
BRDA:114,10,0,16
BRDA:114,10,1,2
BRDA:119,11,0,2
BRDA:119,11,1,14
BRDA:129,12,0,1
BRDA:129,12,1,15
BRDA:130,13,0,4
BRDA:130,13,1,12
BRDA:142,14,0,5
BRDA:142,14,1,0
BRF:30
BRH:23
end_of_record
TN:
SF:src\screens\ManagerScreen.js
FN:38,normalizeInventory
FN:39,(anonymous_1)
FN:65,InventoryCard
FN:96,ManagerScreen
FN:115,(anonymous_4)
FN:121,fetchOrders
FN:133,fetchInventory
FN:146,fetchSales
FN:159,(anonymous_8)
FN:159,(anonymous_9)
FN:163,addOrUpdateItem
FN:173,(anonymous_11)
FN:235,removeItem
FN:241,(anonymous_13)
FN:253,renderOrders
FN:257,(anonymous_15)
FN:262,(anonymous_16)
FN:281,renderInventory
FN:285,(anonymous_18)
FN:302,(anonymous_19)
FN:308,(anonymous_20)
FN:309,(anonymous_21)
FN:316,renderSales
FN:317,(anonymous_23)
FN:322,(anonymous_24)
FN:326,(anonymous_25)
FN:336,(anonymous_26)
FN:404,(anonymous_27)
FN:408,(anonymous_28)
FN:427,(anonymous_29)
FN:431,(anonymous_30)
FN:462,(anonymous_31)
FNF:32
FNH:31
FNDA:4,normalizeInventory
FNDA:8,(anonymous_1)
FNDA:26,InventoryCard
FNDA:32,ManagerScreen
FNDA:8,(anonymous_4)
FNDA:4,fetchOrders
FNDA:4,fetchInventory
FNDA:2,fetchSales
FNDA:8,(anonymous_8)
FNDA:8,(anonymous_9)
FNDA:5,addOrUpdateItem
FNDA:6,(anonymous_11)
FNDA:1,removeItem
FNDA:1,(anonymous_13)
FNDA:5,renderOrders
FNDA:2,(anonymous_15)
FNDA:1,(anonymous_16)
FNDA:13,renderInventory
FNDA:28,(anonymous_18)
FNDA:1,(anonymous_19)
FNDA:26,(anonymous_20)
FNDA:1,(anonymous_21)
FNDA:3,renderSales
FNDA:3,(anonymous_23)
FNDA:9,(anonymous_24)
FNDA:1,(anonymous_25)
FNDA:3,(anonymous_26)
FNDA:160,(anonymous_27)
FNDA:1,(anonymous_28)
FNDA:160,(anonymous_29)
FNDA:1,(anonymous_30)
FNDA:0,(anonymous_31)
DA:32,1
DA:39,4
DA:40,8
DA:41,8
DA:43,8
DA:46,8
DA:48,8
DA:49,8
DA:50,8
DA:51,4
DA:52,4
DA:53,4
DA:55,4
DA:56,0
DA:57,4
DA:58,4
DA:61,8
DA:67,26
DA:73,26
DA:97,32
DA:98,32
DA:99,32
DA:100,32
DA:101,32
DA:102,32
DA:103,32
DA:104,32
DA:106,32
DA:107,32
DA:108,32
DA:109,32
DA:110,32
DA:111,32
DA:112,32
DA:113,32
DA:115,32
DA:116,8
DA:117,8
DA:118,8
DA:122,4
DA:123,4
DA:124,4
DA:125,4
DA:127,0
DA:129,4
DA:134,4
DA:135,4
DA:136,4
DA:137,4
DA:138,4
DA:140,0
DA:142,4
DA:147,2
DA:148,2
DA:149,2
DA:150,2
DA:152,0
DA:154,2
DA:158,32
DA:159,8
DA:164,5
DA:165,1
DA:166,1
DA:168,4
DA:169,1
DA:170,1
DA:173,3
DA:174,6
DA:175,6
DA:176,4
DA:177,4
DA:178,4
DA:180,3
DA:181,3
DA:182,3
DA:183,0
DA:184,0
DA:186,3
DA:187,1
DA:188,1
DA:191,2
DA:192,2
DA:193,1
DA:194,1
DA:197,1
DA:198,1
DA:199,1
DA:200,1
DA:201,1
DA:202,0
DA:203,0
DA:205,1
DA:209,1
DA:212,1
DA:217,1
DA:218,1
DA:220,1
DA:221,1
DA:222,1
DA:223,1
DA:224,1
DA:225,1
DA:226,1
DA:227,1
DA:228,1
DA:229,1
DA:231,0
DA:236,1
DA:242,1
DA:243,1
DA:244,1
DA:246,0
DA:254,5
DA:257,2
DA:263,1
DA:264,1
DA:282,13
DA:285,28
DA:302,1
DA:309,26
DA:317,3
DA:318,3
DA:323,9
DA:326,1
DA:337,3
DA:349,32
DA:405,160
DA:408,1
DA:428,160
DA:431,1
DA:463,0
DA:464,0
DA:465,0
DA:466,0
DA:467,0
DA:480,1
LF:136
LH:121
BRDA:40,0,0,8
BRDA:40,0,1,0
BRDA:43,1,0,4
BRDA:43,1,1,4
BRDA:43,2,0,8
BRDA:43,2,1,4
BRDA:43,2,2,4
BRDA:45,3,0,4
BRDA:45,3,1,0
BRDA:50,4,0,4
BRDA:50,4,1,4
BRDA:50,5,0,8
BRDA:50,5,1,4
BRDA:50,5,2,4
BRDA:52,6,0,4
BRDA:52,6,1,0
BRDA:53,7,0,0
BRDA:53,7,1,4
BRDA:55,8,0,0
BRDA:55,8,1,4
BRDA:57,9,0,4
BRDA:57,9,1,0
BRDA:67,10,0,0
BRDA:67,10,1,26
BRDA:69,11,0,26
BRDA:69,11,1,0
BRDA:78,12,0,26
BRDA:78,12,1,0
BRDA:90,13,0,26
BRDA:90,13,1,0
BRDA:116,14,0,4
BRDA:116,14,1,4
BRDA:117,15,0,2
BRDA:117,15,1,6
BRDA:118,16,0,2
BRDA:118,16,1,6
BRDA:125,17,0,4
BRDA:125,17,1,0
BRDA:137,18,0,4
BRDA:137,18,1,0
BRDA:138,19,0,4
BRDA:138,19,1,0
BRDA:150,20,0,2
BRDA:150,20,1,0
BRDA:159,21,0,8
BRDA:159,21,1,8
BRDA:164,22,0,1
BRDA:164,22,1,4
BRDA:168,23,0,1
BRDA:168,23,1,3
BRDA:168,24,0,4
BRDA:168,24,1,4
BRDA:174,25,0,6
BRDA:174,25,1,0
BRDA:175,26,0,2
BRDA:175,26,1,4
BRDA:177,27,0,0
BRDA:177,27,1,4
BRDA:177,28,0,4
BRDA:177,28,1,4
BRDA:182,29,0,0
BRDA:182,29,1,3
BRDA:182,30,0,3
BRDA:182,30,1,3
BRDA:186,31,0,1
BRDA:186,31,1,2
BRDA:186,32,0,3
BRDA:186,32,1,2
BRDA:186,32,2,2
BRDA:191,33,0,2
BRDA:191,33,1,1
BRDA:192,34,0,1
BRDA:192,34,1,1
BRDA:198,35,0,0
BRDA:198,35,1,1
BRDA:199,36,0,1
BRDA:199,36,1,0
BRDA:200,37,0,1
BRDA:200,37,1,0
BRDA:201,38,0,0
BRDA:201,38,1,1
BRDA:217,39,0,1
BRDA:217,39,1,0
BRDA:218,40,0,1
BRDA:218,40,1,0
BRDA:271,41,0,1
BRDA:271,41,1,0
BRDA:271,42,0,1
BRDA:271,42,1,0
BRDA:289,43,0,13
BRDA:289,43,1,0
BRDA:296,44,0,13
BRDA:296,44,1,0
BRDA:317,45,0,3
BRDA:317,45,1,0
BRDA:325,46,0,9
BRDA:325,46,1,3
BRDA:328,47,0,9
BRDA:328,47,1,3
BRDA:344,48,0,0
BRDA:344,48,1,3
BRDA:353,49,0,32
BRDA:353,49,1,0
BRDA:366,50,0,11
BRDA:366,50,1,21
BRDA:368,51,0,5
BRDA:368,51,1,16
BRDA:370,52,0,13
BRDA:370,52,1,3
BRDA:407,53,0,160
BRDA:407,53,1,6
BRDA:410,54,0,160
BRDA:410,54,1,6
BRDA:430,55,0,160
BRDA:430,55,1,5
BRDA:433,56,0,160
BRDA:433,56,1,5
BRF:117
BRH:87
end_of_record
TN:
SF:src\screens\NewOrderScreen.js
FN:18,NewOrderScreen
FN:26,(anonymous_1)
FN:28,(anonymous_2)
FN:29,(anonymous_3)
FN:30,(anonymous_4)
FN:33,changeQty
FN:34,(anonymous_6)
FN:45,submitOrder
FN:46,(anonymous_8)
FN:60,(anonymous_9)
FN:69,(anonymous_10)
FN:69,(anonymous_11)
FN:70,(anonymous_12)
FN:71,(anonymous_13)
FN:72,(anonymous_14)
FN:93,(anonymous_15)
FN:120,(anonymous_16)
FN:124,(anonymous_17)
FN:125,(anonymous_18)
FN:136,(anonymous_19)
FN:143,(anonymous_20)
FNF:21
FNH:20
FNDA:19,NewOrderScreen
FNDA:4,(anonymous_1)
FNDA:3,(anonymous_2)
FNDA:1,(anonymous_3)
FNDA:4,(anonymous_4)
FNDA:5,changeQty
FNDA:5,(anonymous_6)
FNDA:3,submitOrder
FNDA:2,(anonymous_8)
FNDA:1,(anonymous_9)
FNDA:7,(anonymous_10)
FNDA:3,(anonymous_11)
FNDA:12,(anonymous_12)
FNDA:12,(anonymous_13)
FNDA:12,(anonymous_14)
FNDA:0,(anonymous_15)
FNDA:22,(anonymous_16)
FNDA:40,(anonymous_17)
FNDA:22,(anonymous_18)
FNDA:1,(anonymous_19)
FNDA:4,(anonymous_20)
DA:19,19
DA:20,19
DA:21,19
DA:22,19
DA:23,19
DA:24,19
DA:26,19
DA:27,4
DA:28,3
DA:29,1
DA:30,4
DA:34,5
DA:35,5
DA:36,5
DA:37,5
DA:38,1
DA:39,1
DA:41,4
DA:46,3
DA:51,3
DA:52,1
DA:53,1
DA:56,2
DA:57,2
DA:58,2
DA:59,1
DA:60,1
DA:63,1
DA:65,2
DA:69,19
DA:70,19
DA:71,19
DA:72,12
DA:73,12
DA:74,12
DA:78,19
DA:79,4
DA:86,15
DA:93,0
DA:121,22
DA:124,40
DA:126,22
DA:136,1
DA:143,4
DA:181,1
LF:45
LH:44
BRDA:28,0,0,3
BRDA:28,0,1,0
BRDA:35,1,0,5
BRDA:35,1,1,3
BRDA:37,2,0,1
BRDA:37,2,1,4
BRDA:51,3,0,1
BRDA:51,3,1,2
BRDA:63,4,0,1
BRDA:63,4,1,0
BRDA:73,5,0,12
BRDA:73,5,1,6
BRDA:74,6,0,12
BRDA:74,6,1,0
BRDA:78,7,0,4
BRDA:78,7,1,15
BRDA:140,8,0,22
BRDA:140,8,1,10
BRDA:157,9,0,11
BRDA:157,9,1,4
BRDA:162,10,0,15
BRDA:162,10,1,2
BRDA:167,11,0,2
BRDA:167,11,1,13
BRF:24
BRH:21
end_of_record
TN:
SF:src\screens\OwnerScreen.js
FN:21,groupByLocation
FN:37,(anonymous_1)
FN:40,OwnerScreen
FN:49,(anonymous_3)
FN:65,(anonymous_4)
FN:69,(anonymous_5)
FN:72,(anonymous_6)
FN:72,(anonymous_7)
FN:76,(anonymous_8)
FN:78,(anonymous_9)
FN:83,(anonymous_10)
FN:111,(anonymous_11)
FN:126,(anonymous_12)
FN:130,(anonymous_13)
FN:161,(anonymous_14)
FN:181,(anonymous_15)
FNF:16
FNH:14
FNDA:5,groupByLocation
FNDA:1,(anonymous_1)
FNDA:9,OwnerScreen
FNDA:4,(anonymous_3)
FNDA:4,(anonymous_4)
FNDA:5,(anonymous_5)
FNDA:5,(anonymous_6)
FNDA:2,(anonymous_7)
FNDA:5,(anonymous_8)
FNDA:1,(anonymous_9)
FNDA:0,(anonymous_10)
FNDA:0,(anonymous_11)
FNDA:15,(anonymous_12)
FNDA:1,(anonymous_13)
FNDA:6,(anonymous_14)
FNDA:6,(anonymous_15)
DA:22,5
DA:23,5
DA:24,2
DA:25,2
DA:26,2
DA:28,2
DA:29,2
DA:31,5
DA:32,2
DA:33,1
DA:34,1
DA:35,1
DA:37,5
DA:41,9
DA:42,9
DA:43,9
DA:44,9
DA:45,9
DA:46,9
DA:47,9
DA:49,9
DA:50,4
DA:51,0
DA:52,4
DA:53,4
DA:54,3
DA:55,3
DA:56,3
DA:58,1
DA:60,4
DA:61,4
DA:65,9
DA:66,4
DA:69,9
DA:71,9
DA:72,5
DA:76,9
DA:77,5
DA:78,1
DA:82,9
DA:83,0
DA:87,9
DA:89,9
DA:90,4
DA:97,5
DA:111,0
DA:127,15
DA:130,1
DA:162,6
DA:163,6
DA:182,6
DA:205,1
LF:52
LH:49
BRDA:24,0,0,2
BRDA:24,0,1,0
BRDA:25,1,0,2
BRDA:25,1,1,0
BRDA:28,2,0,2
BRDA:28,2,1,0
BRDA:32,3,0,1
BRDA:32,3,1,1
BRDA:33,4,0,1
BRDA:33,4,1,0
BRDA:34,5,0,0
BRDA:34,5,1,1
BRDA:49,6,0,0
BRDA:50,7,0,4
BRDA:50,7,1,0
BRDA:54,8,0,3
BRDA:54,8,1,0
BRDA:55,9,0,3
BRDA:55,9,1,0
BRDA:56,10,0,3
BRDA:56,10,1,0
BRDA:78,11,0,1
BRDA:78,11,1,0
BRDA:78,12,0,1
BRDA:78,12,1,0
BRDA:82,13,0,9
BRDA:82,13,1,5
BRDA:82,14,0,9
BRDA:82,14,1,5
BRDA:83,15,0,0
BRDA:83,15,1,0
BRDA:89,16,0,4
BRDA:89,16,1,5
BRDA:129,17,0,15
BRDA:129,17,1,5
BRDA:132,18,0,15
BRDA:132,18,1,5
BRDA:141,19,0,5
BRDA:141,19,1,2
BRDA:148,20,0,5
BRDA:148,20,1,2
BRDA:158,21,0,2
BRDA:158,21,1,3
BRDA:166,22,0,6
BRDA:166,22,1,0
BRDA:197,23,0,2
BRDA:197,23,1,3
BRF:47
BRH:32
end_of_record
TN:
SF:src\screens\WaiterScreen.js
FN:29,ReadyPickupCard
FN:43,(anonymous_1)
FN:52,(anonymous_2)
FN:59,FloorTableCard
FN:62,(anonymous_4)
FN:97,NewTableCard
FN:106,WaiterScreen
FN:112,(anonymous_7)
FN:124,(anonymous_8)
FN:127,(anonymous_9)
FN:131,(anonymous_10)
FN:131,(anonymous_11)
FN:135,(anonymous_12)
FN:135,(anonymous_13)
FN:139,(anonymous_14)
FN:139,(anonymous_15)
FN:143,(anonymous_16)
FN:144,(anonymous_17)
FN:145,(anonymous_18)
FN:147,(anonymous_19)
FN:157,serveOrder
FN:189,(anonymous_21)
FN:221,(anonymous_22)
FN:231,(anonymous_23)
FN:235,(anonymous_24)
FN:240,(anonymous_25)
FN:250,(anonymous_26)
FN:257,(anonymous_27)
FNF:28
FNH:25
FNDA:1,ReadyPickupCard
FNDA:5,(anonymous_1)
FNDA:1,(anonymous_2)
FNDA:2,FloorTableCard
FNDA:2,(anonymous_4)
FNDA:5,NewTableCard
FNDA:9,WaiterScreen
FNDA:5,(anonymous_7)
FNDA:4,(anonymous_8)
FNDA:4,(anonymous_9)
FNDA:8,(anonymous_10)
FNDA:3,(anonymous_11)
FNDA:8,(anonymous_12)
FNDA:3,(anonymous_13)
FNDA:8,(anonymous_14)
FNDA:3,(anonymous_15)
FNDA:8,(anonymous_16)
FNDA:3,(anonymous_17)
FNDA:3,(anonymous_18)
FNDA:3,(anonymous_19)
FNDA:1,serveOrder
FNDA:0,(anonymous_21)
FNDA:1,(anonymous_22)
FNDA:2,(anonymous_23)
FNDA:0,(anonymous_24)
FNDA:1,(anonymous_25)
FNDA:1,(anonymous_26)
FNDA:0,(anonymous_27)
DA:30,1
DA:31,1
DA:44,5
DA:52,1
DA:60,2
DA:61,2
DA:62,2
DA:63,2
DA:65,2
DA:98,5
DA:107,9
DA:108,9
DA:109,9
DA:110,9
DA:112,9
DA:113,5
DA:114,5
DA:115,4
DA:117,1
DA:119,5
DA:120,5
DA:124,9
DA:125,4
DA:126,4
DA:127,4
DA:130,9
DA:131,8
DA:134,9
DA:135,8
DA:138,9
DA:139,8
DA:143,9
DA:144,8
DA:145,8
DA:146,8
DA:147,3
DA:149,8
DA:158,1
DA:159,1
DA:160,1
DA:162,0
DA:166,9
DA:167,4
DA:174,5
DA:190,0
DA:191,0
DA:222,1
DA:232,2
DA:236,0
DA:240,1
DA:250,1
DA:257,0
DA:262,1
LF:53
LH:48
BRDA:30,0,0,1
BRDA:30,0,1,0
BRDA:45,1,0,5
BRDA:45,1,1,0
BRDA:48,2,0,1
BRDA:48,2,1,0
BRDA:62,3,0,2
BRDA:62,3,1,0
BRDA:63,4,0,2
BRDA:63,4,1,0
BRDA:73,5,0,2
BRDA:73,5,1,0
BRDA:75,6,0,2
BRDA:75,6,1,2
BRDA:84,7,0,2
BRDA:84,7,1,2
BRDA:115,8,0,4
BRDA:115,8,1,0
BRDA:146,9,0,2
BRDA:146,9,1,6
BRDA:166,10,0,4
BRDA:166,10,1,5
BRDA:178,11,0,5
BRDA:178,11,1,0
BRDA:200,12,0,5
BRDA:200,12,1,0
BRDA:213,13,0,1
BRDA:213,13,1,4
BRDA:236,14,0,0
BRDA:236,14,1,0
BRDA:242,15,0,3
BRDA:242,15,1,2
BRF:32
BRH:21
end_of_record
